

Microchip MPLAB XC8 Assembler V2.31 build 20201012212115 
                                                                                               Thu Feb 25 18:36:34 2021

Microchip MPLAB XC8 C Compiler v2.31 (Free license) build 20201012212115 Og1 
     1                           	processor	18F27Q43
     2                           	fnconf	rparam,??,?,0
     3                           	pagewidth 120
     4                           	opt	flic
     5                           	psect	idataCOMRAM,global,class=CODE,delta=1,noexec
     6                           	psect	cinit,global,reloc=2,class=CODE,delta=1
     7                           	psect	bssCOMRAM,global,class=COMRAM,space=1,delta=1,lowdata,noexec
     8                           	psect	dataCOMRAM,global,class=COMRAM,space=1,delta=1,lowdata,noexec
     9                           	psect	cstackCOMRAM,global,class=COMRAM,space=1,delta=1,lowdata,noexec
    10                           	psect	text0,global,reloc=2,class=CODE,delta=1
    11                           	psect	text1,global,reloc=2,class=CODE,delta=1
    12                           	psect	text2,global,reloc=2,class=CODE,delta=1
    13                           	psect	text3,global,reloc=2,class=CODE,delta=1
    14                           	psect	text4,global,reloc=2,class=CODE,delta=1
    15                           	psect	text5,global,reloc=2,class=CODE,delta=1
    16                           	psect	text6,global,reloc=2,class=CODE,delta=1
    17                           	psect	intsave_regs,global,class=BIGRAM,space=1,delta=1,noexec
    18                           	psect	rparam,global,class=COMRAM,space=1,delta=1,noexec
    19                           	psect	idloc,global,abs,ovrld,class=IDLOC,space=5,delta=1,noexec
    20                           	psect	config,global,abs,ovrld,class=CONFIG,space=4,delta=1,noexec
    21  0000                     
    22                           ; Version 2.30
    23                           ; Generated 20/08/2020 GMT
    24                           ; 
    25                           ; Copyright © 2020, Microchip Technology Inc. and its subsidiaries ("Microchip")
    26                           ; All rights reserved.
    27                           ; 
    28                           ; This software is developed by Microchip Technology Inc. and its subsidiaries ("Microch
      +                          ip").
    29                           ; 
    30                           ; Redistribution and use in source and binary forms, with or without modification, are
    31                           ; permitted provided that the following conditions are met:
    32                           ; 
    33                           ;     1. Redistributions of source code must retain the above copyright notice, this lis
      +                          t of
    34                           ;        conditions and the following disclaimer.
    35                           ; 
    36                           ;     2. Redistributions in binary form must reproduce the above copyright notice, this 
      +                          list
    37                           ;        of conditions and the following disclaimer in the documentation and/or other
    38                           ;        materials provided with the distribution. Publication is not required when
    39                           ;        this file is used in an embedded application.
    40                           ; 
    41                           ;     3. Microchip's name may not be used to endorse or promote products derived from th
      +                          is
    42                           ;        software without specific prior written permission.
    43                           ; 
    44                           ; THIS SOFTWARE IS PROVIDED BY MICROCHIP "AS IS" AND ANY EXPRESS OR IMPLIED WARRANTIES,
    45                           ; INCLUDING, BUT NOT LIMITED TO, THE IMPLIED WARRANTIES OF MERCHANTABILITY AND FITNESS F
      +                          OR
    46                           ; PURPOSE ARE DISCLAIMED.  IN NO EVENT SHALL MICROCHIP BE LIABLE FOR ANY DIRECT, INDIREC
      +                          T,
    47                           ; INCIDENTAL, SPECIAL, EXEMPLARY, OR CONSEQUENTIAL DAMAGES (INCLUDING BUT NOT LIMITED TO
    48                           ; PROCUREMENT OF SUBSTITUTE GOODS OR SERVICES; LOSS OF USE, DATA OR PROFITS; OR BUSINESS
    49                           ; INTERRUPTION) HOWSOEVER CAUSED AND ON ANY THEORY OF LIABILITY, WHETHER IN CONTRACT, ST
      +                          RICT
    50                           ; LIABILITY, OR TORT (INCLUDING NEGLIGENCE OR OTHERWISE) ARISING IN ANY WAY OUT OF THE U
      +                          SE OF
    51                           ; THIS SOFTWARE, EVEN IF ADVISED OF THE POSSIBILITY OF SUCH DAMAGE.
    52                           ; 
    53                           ; 
    54                           ; Code-generator required, PIC18F27Q43 Definitions
    55                           ; 
    56                           ; SFR Addresses
    57  0000                     
    58                           	psect	idataCOMRAM
    59  01FF00                     __pidataCOMRAM:
    60                           	callstack 0
    61                           
    62                           ;initializer for UserAppRun@u32Counter
    63  01FF00  0080               	dw	128
    64  01FF02  0000               	dw	0
    65  0000                     _ANSELB	set	1032
    66  0000                     _ANSELA	set	1024
    67  0000                     _LATA	set	1214
    68  0000                     _PORTB	set	1231
    69  0000                     _TRISA	set	1222
    70  0000                     _TRISB	set	1223
    71  0000                     _PORTA	set	1230
    72                           
    73                           ; #config settings
    74                           
    75                           	psect	cinit
    76  01FF60                     __pcinit:
    77                           	callstack 0
    78  01FF60                     start_initialization:
    79                           	callstack 0
    80  01FF60                     __initialization:
    81                           	callstack 0
    82                           
    83                           ; Initialize objects allocated to COMRAM (4 bytes)
    84                           ; load TBLPTR registers with __pidataCOMRAM
    85  01FF60  0E00               	movlw	low __pidataCOMRAM
    86  01FF62  6EF6               	movwf	tblptrl,c
    87  01FF64  0EFF               	movlw	high __pidataCOMRAM
    88  01FF66  6EF7               	movwf	tblptrh,c
    89  01FF68  0E01               	movlw	low (__pidataCOMRAM shr (0+16))
    90  01FF6A  6EF8               	movwf	tblptru,c
    91  01FF6C  EE01  F10E         	lfsr	0,__pdataCOMRAM
    92  01FF70  EE10 F004          	lfsr	1,4
    93  01FF74                     copy_data0:
    94  01FF74  0009               	tblrd		*+
    95  01FF76  C4F5 F4EE          	movff	tablat,postinc0
    96  01FF7A  50E5               	movf	postdec1,w,c
    97  01FF7C  50E1               	movf	fsr1l,w,c
    98  01FF7E  E1FA               	bnz	copy_data0
    99                           
   100                           ; Clear objects allocated to COMRAM (13 bytes)
   101  01FF80  EE01  F101         	lfsr	0,__pbssCOMRAM
   102  01FF84  0E0D               	movlw	13
   103  01FF86                     clear_0:
   104  01FF86  6AEE               	clrf	postinc0,c
   105  01FF88  06E8               	decf	wreg,f,c
   106  01FF8A  E1FD               	bnz	clear_0
   107  01FF8C                     end_of_initialization:
   108                           	callstack 0
   109  01FF8C                     __end_of__initialization:
   110                           	callstack 0
   111  01FF8C  0100               	movlb	0
   112  01FF8E  EF9F  F0FF         	goto	_main	;jump to C main() function
   113                           
   114                           	psect	bssCOMRAM
   115  000501                     __pbssCOMRAM:
   116                           	callstack 0
   117  000501                     _G_u32SystemFlags:
   118                           	callstack 0
   119  000501                     	ds	4
   120  000505                     _G_u32SystemTime1s:
   121                           	callstack 0
   122  000505                     	ds	4
   123  000509                     _G_u32SystemTime1ms:
   124                           	callstack 0
   125  000509                     	ds	4
   126  00050D                     _G_u8UserAppFlags:
   127                           	callstack 0
   128  00050D                     	ds	1
   129                           
   130                           	psect	dataCOMRAM
   131  00050E                     __pdataCOMRAM:
   132                           	callstack 0
   133  00050E                     UserAppRun@u32Counter:
   134                           	callstack 0
   135  00050E                     	ds	4
   136                           
   137                           	psect	cstackCOMRAM
   138  000000                     __pcstackCOMRAM:
   139                           	callstack 0
   140  000000                     
   141                           ; 1 bytes @ 0x0
   142 ;;
   143 ;;Main: autosize = 0, tempsize = 0, incstack = 0, save=0
   144 ;;
   145 ;; *************** function _main *****************
   146 ;; Defined at:
   147 ;;		line 35 in file "main.c"
   148 ;; Parameters:    Size  Location     Type
   149 ;;		None
   150 ;; Auto vars:     Size  Location     Type
   151 ;;		None
   152 ;; Return value:  Size  Location     Type
   153 ;;                  1    wreg      void 
   154 ;; Registers used:
   155 ;;		wreg, status,2, status,0, cstack
   156 ;; Tracked objects:
   157 ;;		On entry : 0/0
   158 ;;		On exit  : 0/0
   159 ;;		Unchanged: 0/0
   160 ;; Data sizes:     COMRAM   BANK5   BANK6   BANK7   BANK8   BANK9  BANK10  BANK11  BANK12  BANK13  BANK14  BANK15  BANK1
      +6  BANK17  BANK18  BANK19  BANK20  BANK21  BANK22  BANK23  BANK24  BANK25  BANK26  BANK27  BANK28  BANK29  BANK30  BANK3
      +1  BANK32  BANK33  BANK34  BANK35  BANK36  BANK37
   161 ;;      Params:         0       0       0       0       0       0       0       0       0       0       0       0       
      +0       0       0       0       0       0       0       0       0       0       0       0       0       0       0       
      +0       0       0       0       0       0       0
   162 ;;      Locals:         0       0       0       0       0       0       0       0       0       0       0       0       
      +0       0       0       0       0       0       0       0       0       0       0       0       0       0       0       
      +0       0       0       0       0       0       0
   163 ;;      Temps:          0       0       0       0       0       0       0       0       0       0       0       0       
      +0       0       0       0       0       0       0       0       0       0       0       0       0       0       0       
      +0       0       0       0       0       0       0
   164 ;;      Totals:         0       0       0       0       0       0       0       0       0       0       0       0       
      +0       0       0       0       0       0       0       0       0       0       0       0       0       0       0       
      +0       0       0       0       0       0       0
   165 ;;Total ram usage:        0 bytes
   166 ;; Hardware stack levels required when called:    1
   167 ;; This function calls:
   168 ;;		_ClockSetup
   169 ;;		_GpioSetup
   170 ;;		_SysTickSetup
   171 ;;		_SystemSleep
   172 ;;		_UserAppInitialize
   173 ;;		_UserAppRun
   174 ;; This function is called by:
   175 ;;		Startup code after reset
   176 ;; This function uses a non-reentrant model
   177 ;;
   178                           
   179                           	psect	text0
   180  01FF3E                     __ptext0:
   181                           	callstack 0
   182  01FF3E                     _main:
   183                           	callstack 127
   184  01FF3E                     
   185                           ;main.c: 37:   G_u32SystemFlags |= (u32)0x80000000;
   186  01FF3E  8E04               	bsf	(_G_u32SystemFlags+3)^(0+1280),7,c	;volatile
   187  01FF40                     
   188                           ;main.c: 40:   ClockSetup();
   189  01FF40  EC7D  F0FF         	call	_ClockSetup	;wreg free
   190  01FF44                     
   191                           ;main.c: 41:   SysTickSetup();
   192  01FF44  EC8E  F0FF         	call	_SysTickSetup	;wreg free
   193  01FF48                     
   194                           ;main.c: 42:   GpioSetup();
   195  01FF48  EC82  F0FF         	call	_GpioSetup	;wreg free
   196  01FF4C                     
   197                           ;main.c: 47:   UserAppInitialize();
   198  01FF4C  EC7F  F0FF         	call	_UserAppInitialize	;wreg free
   199  01FF50                     l792:
   200                           
   201                           ;main.c: 53:   {;main.c: 57:     UserAppRun();
   202  01FF50  ECC9  F0FF         	call	_UserAppRun	;wreg free
   203  01FF54                     
   204                           ;main.c: 62:     SystemSleep();
   205  01FF54  EC7E  F0FF         	call	_SystemSleep	;wreg free
   206  01FF58  EFA8  F0FF         	goto	l792
   207  01FF5C  EFFE  F0FF         	goto	start
   208  01FF60                     __end_of_main:
   209                           	callstack 0
   210                           
   211 ;; *************** function _UserAppRun *****************
   212 ;; Defined at:
   213 ;;		line 95 in file "user_app.c"
   214 ;; Parameters:    Size  Location     Type
   215 ;;		None
   216 ;; Auto vars:     Size  Location     Type
   217 ;;		None
   218 ;; Return value:  Size  Location     Type
   219 ;;                  1    wreg      void 
   220 ;; Registers used:
   221 ;;		wreg, status,2, status,0
   222 ;; Tracked objects:
   223 ;;		On entry : 0/0
   224 ;;		On exit  : 0/0
   225 ;;		Unchanged: 0/0
   226 ;; Data sizes:     COMRAM   BANK5   BANK6   BANK7   BANK8   BANK9  BANK10  BANK11  BANK12  BANK13  BANK14  BANK15  BANK1
      +6  BANK17  BANK18  BANK19  BANK20  BANK21  BANK22  BANK23  BANK24  BANK25  BANK26  BANK27  BANK28  BANK29  BANK30  BANK3
      +1  BANK32  BANK33  BANK34  BANK35  BANK36  BANK37
   227 ;;      Params:         0       0       0       0       0       0       0       0       0       0       0       0       
      +0       0       0       0       0       0       0       0       0       0       0       0       0       0       0       
      +0       0       0       0       0       0       0
   228 ;;      Locals:         0       0       0       0       0       0       0       0       0       0       0       0       
      +0       0       0       0       0       0       0       0       0       0       0       0       0       0       0       
      +0       0       0       0       0       0       0
   229 ;;      Temps:          0       0       0       0       0       0       0       0       0       0       0       0       
      +0       0       0       0       0       0       0       0       0       0       0       0       0       0       0       
      +0       0       0       0       0       0       0
   230 ;;      Totals:         0       0       0       0       0       0       0       0       0       0       0       0       
      +0       0       0       0       0       0       0       0       0       0       0       0       0       0       0       
      +0       0       0       0       0       0       0
   231 ;;Total ram usage:        0 bytes
   232 ;; Hardware stack levels used:    1
   233 ;; This function calls:
   234 ;;		Nothing
   235 ;; This function is called by:
   236 ;;		_main
   237 ;; This function uses a non-reentrant model
   238 ;;
   239                           
   240                           	psect	text1
   241  01FF92                     __ptext1:
   242                           	callstack 0
   243  01FF92                     _UserAppRun:
   244                           	callstack 127
   245  01FF92                     
   246                           ;user_app.c: 97:     static u32 u32Counter = 0x80;;user_app.c: 98:     if ((PORTB & 0x20
      +                          ) == 0x20) {
   247  01FF92  AACF               	btfss	207,5,c	;volatile
   248  01FF94  EFCE  F0FF         	goto	u11
   249  01FF98  EFD0  F0FF         	goto	u10
   250  01FF9C                     u11:
   251  01FF9C  EFFD  F0FF         	goto	l72
   252  01FFA0                     u10:
   253  01FFA0                     
   254                           ;user_app.c: 100:         _delay(100);
   255  01FFA0  0E21               	movlw	33
   256  01FFA2                     u47:
   257  01FFA2  2EE8               	decfsz	wreg,f,c
   258  01FFA4  D7FE               	bra	u47
   259  01FFA6  F000               	nop	
   260  01FFA8                     
   261                           ;user_app.c: 101:         if ((PORTB & 0x20) != 0x20) {
   262  01FFA8  BACF               	btfsc	207,5,c	;volatile
   263  01FFAA  EFD9  F0FF         	goto	u21
   264  01FFAE  EFDB  F0FF         	goto	u20
   265  01FFB2                     u21:
   266  01FFB2  EFFD  F0FF         	goto	l72
   267  01FFB6                     u20:
   268  01FFB6                     
   269                           ;user_app.c: 102:             if (u32Counter < 0xBF) {
   270  01FFB6  5011               	movf	(UserAppRun@u32Counter+3)^(0+1280),w,c
   271  01FFB8  1010               	iorwf	(UserAppRun@u32Counter+2)^(0+1280),w,c
   272  01FFBA  100F               	iorwf	(UserAppRun@u32Counter+1)^(0+1280),w,c
   273  01FFBC  E107               	bnz	u31
   274  01FFBE  0EBF               	movlw	191
   275  01FFC0  5C0E               	subwf	UserAppRun@u32Counter^(0+1280),w,c
   276  01FFC2  B0D8               	btfsc	status,0,c
   277  01FFC4  EFE6  F0FF         	goto	u31
   278  01FFC8  EFE8  F0FF         	goto	u30
   279  01FFCC                     u31:
   280  01FFCC  EFF0  F0FF         	goto	l764
   281  01FFD0                     u30:
   282  01FFD0                     
   283                           ;user_app.c: 103:             LATA++;
   284  01FFD0  2ABE               	incf	190,f,c	;volatile
   285  01FFD2                     
   286                           ;user_app.c: 104:             u32Counter = LATA;
   287  01FFD2  50BE               	movf	190,w,c	;volatile
   288  01FFD4  6E0E               	movwf	UserAppRun@u32Counter^(0+1280),c
   289  01FFD6  6A0F               	clrf	(UserAppRun@u32Counter+1)^(0+1280),c
   290  01FFD8  6A10               	clrf	(UserAppRun@u32Counter+2)^(0+1280),c
   291  01FFDA  6A11               	clrf	(UserAppRun@u32Counter+3)^(0+1280),c
   292                           
   293                           ;user_app.c: 105:     }
   294  01FFDC  EFFD  F0FF         	goto	l72
   295  01FFE0                     l764:
   296                           
   297                           ;user_app.c: 107:             u32Counter = 0x80;
   298  01FFE0  0E80               	movlw	128
   299  01FFE2  6E0E               	movwf	UserAppRun@u32Counter^(0+1280),c
   300  01FFE4  0E00               	movlw	0
   301  01FFE6  6E0F               	movwf	(UserAppRun@u32Counter+1)^(0+1280),c
   302  01FFE8  0E00               	movlw	0
   303  01FFEA  6E10               	movwf	(UserAppRun@u32Counter+2)^(0+1280),c
   304  01FFEC  0E00               	movlw	0
   305  01FFEE  6E11               	movwf	(UserAppRun@u32Counter+3)^(0+1280),c
   306                           
   307                           ;user_app.c: 108:             u32Counter = LATA;
   308  01FFF0  50BE               	movf	190,w,c	;volatile
   309  01FFF2  6E0E               	movwf	UserAppRun@u32Counter^(0+1280),c
   310  01FFF4  6A0F               	clrf	(UserAppRun@u32Counter+1)^(0+1280),c
   311  01FFF6  6A10               	clrf	(UserAppRun@u32Counter+2)^(0+1280),c
   312  01FFF8  6A11               	clrf	(UserAppRun@u32Counter+3)^(0+1280),c
   313  01FFFA                     l72:
   314  01FFFA  0012               	return		;funcret
   315  01FFFC                     __end_of_UserAppRun:
   316                           	callstack 0
   317                           
   318 ;; *************** function _UserAppInitialize *****************
   319 ;; Defined at:
   320 ;;		line 76 in file "user_app.c"
   321 ;; Parameters:    Size  Location     Type
   322 ;;		None
   323 ;; Auto vars:     Size  Location     Type
   324 ;;		None
   325 ;; Return value:  Size  Location     Type
   326 ;;                  1    wreg      void 
   327 ;; Registers used:
   328 ;;		None
   329 ;; Tracked objects:
   330 ;;		On entry : 0/0
   331 ;;		On exit  : 0/0
   332 ;;		Unchanged: 0/0
   333 ;; Data sizes:     COMRAM   BANK5   BANK6   BANK7   BANK8   BANK9  BANK10  BANK11  BANK12  BANK13  BANK14  BANK15  BANK1
      +6  BANK17  BANK18  BANK19  BANK20  BANK21  BANK22  BANK23  BANK24  BANK25  BANK26  BANK27  BANK28  BANK29  BANK30  BANK3
      +1  BANK32  BANK33  BANK34  BANK35  BANK36  BANK37
   334 ;;      Params:         0       0       0       0       0       0       0       0       0       0       0       0       
      +0       0       0       0       0       0       0       0       0       0       0       0       0       0       0       
      +0       0       0       0       0       0       0
   335 ;;      Locals:         0       0       0       0       0       0       0       0       0       0       0       0       
      +0       0       0       0       0       0       0       0       0       0       0       0       0       0       0       
      +0       0       0       0       0       0       0
   336 ;;      Temps:          0       0       0       0       0       0       0       0       0       0       0       0       
      +0       0       0       0       0       0       0       0       0       0       0       0       0       0       0       
      +0       0       0       0       0       0       0
   337 ;;      Totals:         0       0       0       0       0       0       0       0       0       0       0       0       
      +0       0       0       0       0       0       0       0       0       0       0       0       0       0       0       
      +0       0       0       0       0       0       0
   338 ;;Total ram usage:        0 bytes
   339 ;; Hardware stack levels used:    1
   340 ;; This function calls:
   341 ;;		Nothing
   342 ;; This function is called by:
   343 ;;		_main
   344 ;; This function uses a non-reentrant model
   345 ;;
   346                           
   347                           	psect	text2
   348  01FEFE                     __ptext2:
   349                           	callstack 0
   350  01FEFE                     _UserAppInitialize:
   351                           	callstack 127
   352  01FEFE  0012               	return		;funcret
   353  01FF00                     __end_of_UserAppInitialize:
   354                           	callstack 0
   355                           
   356 ;; *************** function _SystemSleep *****************
   357 ;; Defined at:
   358 ;;		line 134 in file "encm369_pic18.c"
   359 ;; Parameters:    Size  Location     Type
   360 ;;		None
   361 ;; Auto vars:     Size  Location     Type
   362 ;;		None
   363 ;; Return value:  Size  Location     Type
   364 ;;                  1    wreg      void 
   365 ;; Registers used:
   366 ;;		None
   367 ;; Tracked objects:
   368 ;;		On entry : 0/0
   369 ;;		On exit  : 0/0
   370 ;;		Unchanged: 0/0
   371 ;; Data sizes:     COMRAM   BANK5   BANK6   BANK7   BANK8   BANK9  BANK10  BANK11  BANK12  BANK13  BANK14  BANK15  BANK1
      +6  BANK17  BANK18  BANK19  BANK20  BANK21  BANK22  BANK23  BANK24  BANK25  BANK26  BANK27  BANK28  BANK29  BANK30  BANK3
      +1  BANK32  BANK33  BANK34  BANK35  BANK36  BANK37
   372 ;;      Params:         0       0       0       0       0       0       0       0       0       0       0       0       
      +0       0       0       0       0       0       0       0       0       0       0       0       0       0       0       
      +0       0       0       0       0       0       0
   373 ;;      Locals:         0       0       0       0       0       0       0       0       0       0       0       0       
      +0       0       0       0       0       0       0       0       0       0       0       0       0       0       0       
      +0       0       0       0       0       0       0
   374 ;;      Temps:          0       0       0       0       0       0       0       0       0       0       0       0       
      +0       0       0       0       0       0       0       0       0       0       0       0       0       0       0       
      +0       0       0       0       0       0       0
   375 ;;      Totals:         0       0       0       0       0       0       0       0       0       0       0       0       
      +0       0       0       0       0       0       0       0       0       0       0       0       0       0       0       
      +0       0       0       0       0       0       0
   376 ;;Total ram usage:        0 bytes
   377 ;; Hardware stack levels used:    1
   378 ;; This function calls:
   379 ;;		Nothing
   380 ;; This function is called by:
   381 ;;		_main
   382 ;; This function uses a non-reentrant model
   383 ;;
   384                           
   385                           	psect	text3
   386  01FEFC                     __ptext3:
   387                           	callstack 0
   388  01FEFC                     _SystemSleep:
   389                           	callstack 127
   390  01FEFC  0012               	return		;funcret
   391  01FEFE                     __end_of_SystemSleep:
   392                           	callstack 0
   393                           
   394 ;; *************** function _SysTickSetup *****************
   395 ;; Defined at:
   396 ;;		line 112 in file "encm369_pic18.c"
   397 ;; Parameters:    Size  Location     Type
   398 ;;		None
   399 ;; Auto vars:     Size  Location     Type
   400 ;;		None
   401 ;; Return value:  Size  Location     Type
   402 ;;                  1    wreg      void 
   403 ;; Registers used:
   404 ;;		wreg, status,2
   405 ;; Tracked objects:
   406 ;;		On entry : 0/0
   407 ;;		On exit  : 0/0
   408 ;;		Unchanged: 0/0
   409 ;; Data sizes:     COMRAM   BANK5   BANK6   BANK7   BANK8   BANK9  BANK10  BANK11  BANK12  BANK13  BANK14  BANK15  BANK1
      +6  BANK17  BANK18  BANK19  BANK20  BANK21  BANK22  BANK23  BANK24  BANK25  BANK26  BANK27  BANK28  BANK29  BANK30  BANK3
      +1  BANK32  BANK33  BANK34  BANK35  BANK36  BANK37
   410 ;;      Params:         0       0       0       0       0       0       0       0       0       0       0       0       
      +0       0       0       0       0       0       0       0       0       0       0       0       0       0       0       
      +0       0       0       0       0       0       0
   411 ;;      Locals:         0       0       0       0       0       0       0       0       0       0       0       0       
      +0       0       0       0       0       0       0       0       0       0       0       0       0       0       0       
      +0       0       0       0       0       0       0
   412 ;;      Temps:          0       0       0       0       0       0       0       0       0       0       0       0       
      +0       0       0       0       0       0       0       0       0       0       0       0       0       0       0       
      +0       0       0       0       0       0       0
   413 ;;      Totals:         0       0       0       0       0       0       0       0       0       0       0       0       
      +0       0       0       0       0       0       0       0       0       0       0       0       0       0       0       
      +0       0       0       0       0       0       0
   414 ;;Total ram usage:        0 bytes
   415 ;; Hardware stack levels used:    1
   416 ;; This function calls:
   417 ;;		Nothing
   418 ;; This function is called by:
   419 ;;		_main
   420 ;; This function uses a non-reentrant model
   421 ;;
   422                           
   423                           	psect	text4
   424  01FF1C                     __ptext4:
   425                           	callstack 0
   426  01FF1C                     _SysTickSetup:
   427                           	callstack 127
   428  01FF1C                     
   429                           ;encm369_pic18.c: 114:   G_u32SystemTime1ms = 0;
   430  01FF1C  0E00               	movlw	0
   431  01FF1E  6E09               	movwf	_G_u32SystemTime1ms^(0+1280),c	;volatile
   432  01FF20  0E00               	movlw	0
   433  01FF22  6E0A               	movwf	(_G_u32SystemTime1ms+1)^(0+1280),c	;volatile
   434  01FF24  0E00               	movlw	0
   435  01FF26  6E0B               	movwf	(_G_u32SystemTime1ms+2)^(0+1280),c	;volatile
   436  01FF28  0E00               	movlw	0
   437  01FF2A  6E0C               	movwf	(_G_u32SystemTime1ms+3)^(0+1280),c	;volatile
   438                           
   439                           ;encm369_pic18.c: 115:   G_u32SystemTime1s = 0;
   440  01FF2C  0E00               	movlw	0
   441  01FF2E  6E05               	movwf	_G_u32SystemTime1s^(0+1280),c	;volatile
   442  01FF30  0E00               	movlw	0
   443  01FF32  6E06               	movwf	(_G_u32SystemTime1s+1)^(0+1280),c	;volatile
   444  01FF34  0E00               	movlw	0
   445  01FF36  6E07               	movwf	(_G_u32SystemTime1s+2)^(0+1280),c	;volatile
   446  01FF38  0E00               	movlw	0
   447  01FF3A  6E08               	movwf	(_G_u32SystemTime1s+3)^(0+1280),c	;volatile
   448  01FF3C  0012               	return		;funcret
   449  01FF3E                     __end_of_SysTickSetup:
   450                           	callstack 0
   451                           
   452 ;; *************** function _GpioSetup *****************
   453 ;; Defined at:
   454 ;;		line 89 in file "encm369_pic18.c"
   455 ;; Parameters:    Size  Location     Type
   456 ;;		None
   457 ;; Auto vars:     Size  Location     Type
   458 ;;		None
   459 ;; Return value:  Size  Location     Type
   460 ;;                  1    wreg      void 
   461 ;; Registers used:
   462 ;;		wreg, status,2
   463 ;; Tracked objects:
   464 ;;		On entry : 0/0
   465 ;;		On exit  : 0/0
   466 ;;		Unchanged: 0/0
   467 ;; Data sizes:     COMRAM   BANK5   BANK6   BANK7   BANK8   BANK9  BANK10  BANK11  BANK12  BANK13  BANK14  BANK15  BANK1
      +6  BANK17  BANK18  BANK19  BANK20  BANK21  BANK22  BANK23  BANK24  BANK25  BANK26  BANK27  BANK28  BANK29  BANK30  BANK3
      +1  BANK32  BANK33  BANK34  BANK35  BANK36  BANK37
   468 ;;      Params:         0       0       0       0       0       0       0       0       0       0       0       0       
      +0       0       0       0       0       0       0       0       0       0       0       0       0       0       0       
      +0       0       0       0       0       0       0
   469 ;;      Locals:         0       0       0       0       0       0       0       0       0       0       0       0       
      +0       0       0       0       0       0       0       0       0       0       0       0       0       0       0       
      +0       0       0       0       0       0       0
   470 ;;      Temps:          0       0       0       0       0       0       0       0       0       0       0       0       
      +0       0       0       0       0       0       0       0       0       0       0       0       0       0       0       
      +0       0       0       0       0       0       0
   471 ;;      Totals:         0       0       0       0       0       0       0       0       0       0       0       0       
      +0       0       0       0       0       0       0       0       0       0       0       0       0       0       0       
      +0       0       0       0       0       0       0
   472 ;;Total ram usage:        0 bytes
   473 ;; Hardware stack levels used:    1
   474 ;; This function calls:
   475 ;;		Nothing
   476 ;; This function is called by:
   477 ;;		_main
   478 ;; This function uses a non-reentrant model
   479 ;;
   480                           
   481                           	psect	text5
   482  01FF04                     __ptext5:
   483                           	callstack 0
   484  01FF04                     _GpioSetup:
   485                           	callstack 127
   486  01FF04                     
   487                           ;encm369_pic18.c: 91:     PORTA = 0x80;
   488  01FF04  0E80               	movlw	128
   489  01FF06  6ECE               	movwf	206,c	;volatile
   490                           
   491                           ;encm369_pic18.c: 92:     TRISB = 0x20;
   492  01FF08  0E20               	movlw	32
   493  01FF0A  6EC7               	movwf	199,c	;volatile
   494                           
   495                           ;encm369_pic18.c: 93:     TRISA = 0x00;
   496  01FF0C  0E00               	movlw	0
   497  01FF0E  6EC6               	movwf	198,c	;volatile
   498                           
   499                           ;encm369_pic18.c: 94:     ANSELA = 0x00;
   500  01FF10  0E00               	movlw	0
   501  01FF12  0104               	movlb	4	; () banked
   502  01FF14  6F00               	movwf	0,b	;volatile
   503                           
   504                           ;encm369_pic18.c: 95:     ANSELB = 0x00;
   505  01FF16  0E00               	movlw	0
   506  01FF18  6F08               	movwf	8,b	;volatile
   507  01FF1A                     
   508                           ; BSR set to: 4
   509  01FF1A  0012               	return		;funcret
   510  01FF1C                     __end_of_GpioSetup:
   511                           	callstack 0
   512                           
   513 ;; *************** function _ClockSetup *****************
   514 ;; Defined at:
   515 ;;		line 70 in file "encm369_pic18.c"
   516 ;; Parameters:    Size  Location     Type
   517 ;;		None
   518 ;; Auto vars:     Size  Location     Type
   519 ;;		None
   520 ;; Return value:  Size  Location     Type
   521 ;;                  1    wreg      void 
   522 ;; Registers used:
   523 ;;		None
   524 ;; Tracked objects:
   525 ;;		On entry : 0/0
   526 ;;		On exit  : 0/0
   527 ;;		Unchanged: 0/0
   528 ;; Data sizes:     COMRAM   BANK5   BANK6   BANK7   BANK8   BANK9  BANK10  BANK11  BANK12  BANK13  BANK14  BANK15  BANK1
      +6  BANK17  BANK18  BANK19  BANK20  BANK21  BANK22  BANK23  BANK24  BANK25  BANK26  BANK27  BANK28  BANK29  BANK30  BANK3
      +1  BANK32  BANK33  BANK34  BANK35  BANK36  BANK37
   529 ;;      Params:         0       0       0       0       0       0       0       0       0       0       0       0       
      +0       0       0       0       0       0       0       0       0       0       0       0       0       0       0       
      +0       0       0       0       0       0       0
   530 ;;      Locals:         0       0       0       0       0       0       0       0       0       0       0       0       
      +0       0       0       0       0       0       0       0       0       0       0       0       0       0       0       
      +0       0       0       0       0       0       0
   531 ;;      Temps:          0       0       0       0       0       0       0       0       0       0       0       0       
      +0       0       0       0       0       0       0       0       0       0       0       0       0       0       0       
      +0       0       0       0       0       0       0
   532 ;;      Totals:         0       0       0       0       0       0       0       0       0       0       0       0       
      +0       0       0       0       0       0       0       0       0       0       0       0       0       0       0       
      +0       0       0       0       0       0       0
   533 ;;Total ram usage:        0 bytes
   534 ;; Hardware stack levels used:    1
   535 ;; This function calls:
   536 ;;		Nothing
   537 ;; This function is called by:
   538 ;;		_main
   539 ;; This function uses a non-reentrant model
   540 ;;
   541                           
   542                           	psect	text6
   543  01FEFA                     __ptext6:
   544                           	callstack 0
   545  01FEFA                     _ClockSetup:
   546                           	callstack 127
   547  01FEFA  0012               	return		;funcret
   548  01FEFC                     __end_of_ClockSetup:
   549                           	callstack 0
   550  0000                     
   551                           	psect	rparam
   552  0000                     
   553                           	psect	idloc
   554                           
   555                           ;Config register IDLOC0 @ 0x200000
   556                           ;	unspecified, using default values
   557  200000                     	org	2097152
   558  200000  0FFF               	dw	4095
   559                           
   560                           ;Config register IDLOC1 @ 0x200002
   561                           ;	unspecified, using default values
   562  200002                     	org	2097154
   563  200002  0FFF               	dw	4095
   564                           
   565                           ;Config register IDLOC2 @ 0x200004
   566                           ;	unspecified, using default values
   567  200004                     	org	2097156
   568  200004  0FFF               	dw	4095
   569                           
   570                           ;Config register IDLOC3 @ 0x200006
   571                           ;	unspecified, using default values
   572  200006                     	org	2097158
   573  200006  0FFF               	dw	4095
   574                           
   575                           ;Config register IDLOC4 @ 0x200008
   576                           ;	unspecified, using default values
   577  200008                     	org	2097160
   578  200008  0FFF               	dw	4095
   579                           
   580                           ;Config register IDLOC5 @ 0x20000A
   581                           ;	unspecified, using default values
   582  20000A                     	org	2097162
   583  20000A  0FFF               	dw	4095
   584                           
   585                           ;Config register IDLOC6 @ 0x20000C
   586                           ;	unspecified, using default values
   587  20000C                     	org	2097164
   588  20000C  0FFF               	dw	4095
   589                           
   590                           ;Config register IDLOC7 @ 0x20000E
   591                           ;	unspecified, using default values
   592  20000E                     	org	2097166
   593  20000E  0FFF               	dw	4095
   594                           
   595                           ;Config register IDLOC8 @ 0x200010
   596                           ;	unspecified, using default values
   597  200010                     	org	2097168
   598  200010  0FFF               	dw	4095
   599                           
   600                           ;Config register IDLOC9 @ 0x200012
   601                           ;	unspecified, using default values
   602  200012                     	org	2097170
   603  200012  0FFF               	dw	4095
   604                           
   605                           ;Config register IDLOC10 @ 0x200014
   606                           ;	unspecified, using default values
   607  200014                     	org	2097172
   608  200014  0FFF               	dw	4095
   609                           
   610                           ;Config register IDLOC11 @ 0x200016
   611                           ;	unspecified, using default values
   612  200016                     	org	2097174
   613  200016  0FFF               	dw	4095
   614                           
   615                           ;Config register IDLOC12 @ 0x200018
   616                           ;	unspecified, using default values
   617  200018                     	org	2097176
   618  200018  0FFF               	dw	4095
   619                           
   620                           ;Config register IDLOC13 @ 0x20001A
   621                           ;	unspecified, using default values
   622  20001A                     	org	2097178
   623  20001A  0FFF               	dw	4095
   624                           
   625                           ;Config register IDLOC14 @ 0x20001C
   626                           ;	unspecified, using default values
   627  20001C                     	org	2097180
   628  20001C  0FFF               	dw	4095
   629                           
   630                           ;Config register IDLOC15 @ 0x20001E
   631                           ;	unspecified, using default values
   632  20001E                     	org	2097182
   633  20001E  0FFF               	dw	4095
   634                           
   635                           	psect	config
   636                           
   637                           ;Config register CONFIG1 @ 0x300000
   638                           ;	External Oscillator Selection
   639                           ;	FEXTOSC = OFF, Oscillator not enabled
   640                           ;	Reset Oscillator Selection
   641                           ;	RSTOSC = HFINTOSC_64MHZ, HFINTOSC with HFFRQ = 64 MHz and CDIV = 1:1
   642  300000                     	org	3145728
   643  300000  8C                 	db	140
   644                           
   645                           ;Config register CONFIG2 @ 0x300001
   646                           ;	Clock out Enable bit
   647                           ;	CLKOUTEN = ON, CLKOUT function is enabled
   648                           ;	PRLOCKED One-Way Set Enable bit
   649                           ;	PR1WAY = ON, PRLOCKED bit can be cleared and set only once
   650                           ;	Clock Switch Enable bit
   651                           ;	CSWEN = ON, Writing to NOSC and NDIV is allowed
   652                           ;	Fail-Safe Clock Monitor Enable bit
   653                           ;	FCMEN = ON, Fail-Safe Clock Monitor enabled
   654  300001                     	org	3145729
   655  300001  FE                 	db	254
   656                           
   657                           ;Config register CONFIG3 @ 0x300002
   658                           ;	MCLR Enable bit
   659                           ;	MCLRE = EXTMCLR, If LVP = 0, MCLR pin is MCLR; If LVP = 1, RE3 pin function is MCLR
   660                           ;	Power-up timer selection bits
   661                           ;	PWRTS = PWRT_OFF, PWRT is disabled
   662                           ;	Multi-vector enable bit
   663                           ;	MVECEN = ON, Multi-vector enabled, Vector table used for interrupts
   664                           ;	IVTLOCK bit One-way set enable bit
   665                           ;	IVT1WAY = ON, IVTLOCKED bit can be cleared and set only once
   666                           ;	Low Power BOR Enable bit
   667                           ;	LPBOREN = OFF, Low-Power BOR disabled
   668                           ;	Brown-out Reset Enable bits
   669                           ;	BOREN = SBORDIS, Brown-out Reset enabled , SBOREN bit is ignored
   670  300002                     	org	3145730
   671  300002  FF                 	db	255
   672                           
   673                           ;Config register CONFIG4 @ 0x300003
   674                           ;	Brown-out Reset Voltage Selection bits
   675                           ;	BORV = VBOR_2P85, Brown-out Reset Voltage (VBOR) set to 2.8V
   676                           ;	ZCD Disable bit
   677                           ;	ZCD = OFF, ZCD module is disabled. ZCD can be enabled by setting the ZCDSEN bit of ZCD
      +                          CON
   678                           ;	PPSLOCK bit One-Way Set Enable bit
   679                           ;	PPS1WAY = ON, PPSLOCKED bit can be cleared and set only once; PPS registers remain loc
      +                          ked after one clear/set cycle
   680                           ;	Stack Full/Underflow Reset Enable bit
   681                           ;	STVREN = ON, Stack full/underflow will cause Reset
   682                           ;	Low Voltage Programming Enable bit
   683                           ;	LVP = ON, Low voltage programming enabled. MCLR/VPP pin function is MCLR. MCLRE config
      +                          uration bit is ignored
   684                           ;	Extended Instruction Set Enable bit
   685                           ;	XINST = OFF, Extended Instruction Set and Indexed Addressing Mode disabled
   686  300003                     	org	3145731
   687  300003  FC                 	db	252
   688                           
   689                           ;Config register CONFIG5 @ 0x300004
   690                           ;	WDT Period selection bits
   691                           ;	WDTCPS = WDTCPS_31, Divider ratio 1:65536; software control of WDTPS
   692                           ;	WDT operating mode
   693                           ;	WDTE = OFF, WDT Disabled; SWDTEN is ignored
   694  300004                     	org	3145732
   695  300004  9F                 	db	159
   696                           
   697                           ;Config register CONFIG6 @ 0x300005
   698                           ;	WDT Window Select bits
   699                           ;	WDTCWS = WDTCWS_7, window always open (100%); software control; keyed access not requi
      +                          red
   700                           ;	WDT input clock selector
   701                           ;	WDTCCS = SC, Software Control
   702  300005                     	org	3145733
   703  300005  FF                 	db	255
   704                           
   705                           ;Config register CONFIG7 @ 0x300006
   706                           ;	Boot Block Size selection bits
   707                           ;	BBSIZE = BBSIZE_512, Boot Block size is 512 words
   708                           ;	Boot Block enable bit
   709                           ;	BBEN = OFF, Boot block disabled
   710                           ;	Storage Area Flash enable bit
   711                           ;	SAFEN = OFF, SAF disabled
   712                           ;	Background Debugger
   713                           ;	DEBUG = OFF, Background Debugger disabled
   714  300006                     	org	3145734
   715  300006  FF                 	db	255
   716                           
   717                           ;Config register CONFIG8 @ 0x300007
   718                           ;	Boot Block Write Protection bit
   719                           ;	WRTB = OFF, Boot Block not Write protected
   720                           ;	Configuration Register Write Protection bit
   721                           ;	WRTC = OFF, Configuration registers not Write protected
   722                           ;	Data EEPROM Write Protection bit
   723                           ;	WRTD = OFF, Data EEPROM not Write protected
   724                           ;	SAF Write protection bit
   725                           ;	WRTSAF = OFF, SAF not Write Protected
   726                           ;	Application Block write protection bit
   727                           ;	WRTAPP = OFF, Application Block not write protected
   728  300007                     	org	3145735
   729  300007  FF                 	db	255
   730                           
   731                           ; Padding undefined space
   732  300008                     	org	3145736
   733  300008  FF                 	db	255
   734                           
   735                           ;Config register CONFIG10 @ 0x300009
   736                           ;	PFM and Data EEPROM Code Protection bit
   737                           ;	CP = OFF, PFM and Data EEPROM code protection disabled
   738  300009                     	org	3145737
   739  300009  FF                 	db	255
   740                           tosu	equ	0x4FF
   741                           tosh	equ	0x4FE
   742                           tosl	equ	0x4FD
   743                           stkptr	equ	0x4FC
   744                           pclatu	equ	0x4FB
   745                           pclath	equ	0x4FA
   746                           pcl	equ	0x4F9
   747                           tblptru	equ	0x4F8
   748                           tblptrh	equ	0x4F7
   749                           tblptrl	equ	0x4F6
   750                           tablat	equ	0x4F5
   751                           prodh	equ	0x4F4
   752                           prodl	equ	0x4F3
   753                           indf0	equ	0x4EF
   754                           postinc0	equ	0x4EE
   755                           postdec0	equ	0x4ED
   756                           preinc0	equ	0x4EC
   757                           plusw0	equ	0x4EB
   758                           fsr0h	equ	0x4EA
   759                           fsr0l	equ	0x4E9
   760                           wreg	equ	0x4E8
   761                           indf1	equ	0x4E7
   762                           postinc1	equ	0x4E6
   763                           postdec1	equ	0x4E5
   764                           preinc1	equ	0x4E4
   765                           plusw1	equ	0x4E3
   766                           fsr1h	equ	0x4E2
   767                           fsr1l	equ	0x4E1
   768                           bsr	equ	0x4E0
   769                           indf2	equ	0x4DF
   770                           postinc2	equ	0x4DE
   771                           postdec2	equ	0x4DD
   772                           preinc2	equ	0x4DC
   773                           plusw2	equ	0x4DB
   774                           fsr2h	equ	0x4DA
   775                           fsr2l	equ	0x4D9
   776                           status	equ	0x4D8

Data Sizes:
    Strings     0
    Constant    0
    Data        4
    BSS         13
    Persistent  0
    Stack       0

Auto Spaces:
    Space          Size  Autos    Used
    COMRAM           95      0      17
    BANK5           160      0       0
    BANK6           256      0       0
    BANK7           256      0       0
    BANK8           256      0       0
    BANK9           256      0       0
    BANK10          256      0       0
    BANK11          256      0       0
    BANK12          256      0       0
    BANK13          256      0       0
    BANK14          256      0       0
    BANK15          256      0       0
    BANK16          256      0       0
    BANK17          256      0       0
    BANK18          256      0       0
    BANK19          256      0       0
    BANK20          256      0       0
    BANK21          256      0       0
    BANK22          256      0       0
    BANK23          256      0       0
    BANK24          256      0       0
    BANK25          256      0       0
    BANK26          256      0       0
    BANK27          256      0       0
    BANK28          256      0       0
    BANK29          256      0       0
    BANK30          256      0       0
    BANK31          256      0       0
    BANK32          256      0       0
    BANK33          256      0       0
    BANK34          256      0       0
    BANK35          256      0       0
    BANK36          256      0       0
    BANK37          256      0       0

Pointer List with Targets:

    None.

Critical Paths under _main in COMRAM

    None.

Critical Paths under _main in BANK5

    None.

Critical Paths under _main in BANK6

    None.

Critical Paths under _main in BANK7

    None.

Critical Paths under _main in BANK8

    None.

Critical Paths under _main in BANK9

    None.

Critical Paths under _main in BANK10

    None.

Critical Paths under _main in BANK11

    None.

Critical Paths under _main in BANK12

    None.

Critical Paths under _main in BANK13

    None.

Critical Paths under _main in BANK14

    None.

Critical Paths under _main in BANK15

    None.

Critical Paths under _main in BANK16

    None.

Critical Paths under _main in BANK17

    None.

Critical Paths under _main in BANK18

    None.

Critical Paths under _main in BANK19

    None.

Critical Paths under _main in BANK20

    None.

Critical Paths under _main in BANK21

    None.

Critical Paths under _main in BANK22

    None.

Critical Paths under _main in BANK23

    None.

Critical Paths under _main in BANK24

    None.

Critical Paths under _main in BANK25

    None.

Critical Paths under _main in BANK26

    None.

Critical Paths under _main in BANK27

    None.

Critical Paths under _main in BANK28

    None.

Critical Paths under _main in BANK29

    None.

Critical Paths under _main in BANK30

    None.

Critical Paths under _main in BANK31

    None.

Critical Paths under _main in BANK32

    None.

Critical Paths under _main in BANK33

    None.

Critical Paths under _main in BANK34

    None.

Critical Paths under _main in BANK35

    None.

Critical Paths under _main in BANK36

    None.

Critical Paths under _main in BANK37

    None.

Call Graph Tables:

 ---------------------------------------------------------------------------------
 (Depth) Function   	        Calls       Base Space   Used Autos Params    Refs
 ---------------------------------------------------------------------------------
 (0) _main                                                 0     0      0       0
                         _ClockSetup
                          _GpioSetup
                       _SysTickSetup
                        _SystemSleep
                  _UserAppInitialize
                         _UserAppRun
 ---------------------------------------------------------------------------------
 (1) _UserAppRun                                           0     0      0       0
 ---------------------------------------------------------------------------------
 (1) _UserAppInitialize                                    0     0      0       0
 ---------------------------------------------------------------------------------
 (1) _SystemSleep                                          0     0      0       0
 ---------------------------------------------------------------------------------
 (1) _SysTickSetup                                         0     0      0       0
 ---------------------------------------------------------------------------------
 (1) _GpioSetup                                            0     0      0       0
 ---------------------------------------------------------------------------------
 (1) _ClockSetup                                           0     0      0       0
 ---------------------------------------------------------------------------------
 Estimated maximum stack depth 1
 ---------------------------------------------------------------------------------

 Call Graph Graphs:

 _main (ROOT)
   _ClockSetup
   _GpioSetup
   _SysTickSetup
   _SystemSleep
   _UserAppInitialize
   _UserAppRun

 Address spaces:
Name               Size   Autos  Total    Cost      Usage
BIGRAM            20FF      0       0      71        0.0%
EEDATA             400      0       0       0        0.0%
BITBANK37          100      0       0      70        0.0%
BANK37             100      0       0      68        0.0%
BITBANK36          100      0       0      66        0.0%
BANK36             100      0       0      67        0.0%
BITBANK35          100      0       0      64        0.0%
BANK35             100      0       0      65        0.0%
BITBANK34          100      0       0      62        0.0%
BANK34             100      0       0      63        0.0%
BITBANK33          100      0       0      60        0.0%
BANK33             100      0       0      61        0.0%
BITBANK32          100      0       0      58        0.0%
BANK32             100      0       0      59        0.0%
BITBANK31          100      0       0      56        0.0%
BANK31             100      0       0      57        0.0%
BITBANK30          100      0       0      54        0.0%
BANK30             100      0       0      55        0.0%
BITBANK29          100      0       0      52        0.0%
BANK29             100      0       0      53        0.0%
BITBANK28          100      0       0      50        0.0%
BANK28             100      0       0      51        0.0%
BITBANK27          100      0       0      48        0.0%
BANK27             100      0       0      49        0.0%
BITBANK26          100      0       0      46        0.0%
BANK26             100      0       0      47        0.0%
BITBANK25          100      0       0      44        0.0%
BANK25             100      0       0      45        0.0%
BITBANK24          100      0       0      42        0.0%
BANK24             100      0       0      43        0.0%
BITBANK23          100      0       0      40        0.0%
BANK23             100      0       0      41        0.0%
BITBANK22          100      0       0      38        0.0%
BANK22             100      0       0      39        0.0%
BITBANK21          100      0       0      36        0.0%
BANK21             100      0       0      37        0.0%
BITBANK20          100      0       0      34        0.0%
BANK20             100      0       0      35        0.0%
BITBANK19          100      0       0      32        0.0%
BANK19             100      0       0      33        0.0%
BITBANK18          100      0       0      30        0.0%
BANK18             100      0       0      31        0.0%
BITBANK17          100      0       0      28        0.0%
BANK17             100      0       0      29        0.0%
BITBANK16          100      0       0      26        0.0%
BANK16             100      0       0      27        0.0%
BITBANK15          100      0       0      24        0.0%
BANK15             100      0       0      25        0.0%
BITBANK14          100      0       0      22        0.0%
BANK14             100      0       0      23        0.0%
BITBANK13          100      0       0      20        0.0%
BANK13             100      0       0      21        0.0%
BITBANK12          100      0       0      18        0.0%
BANK12             100      0       0      19        0.0%
BITBANK11          100      0       0      16        0.0%
BANK11             100      0       0      17        0.0%
BITBANK10          100      0       0      14        0.0%
BANK10             100      0       0      15        0.0%
BITBANK9           100      0       0      12        0.0%
BANK9              100      0       0      13        0.0%
BITBANK8           100      0       0      10        0.0%
BANK8              100      0       0      11        0.0%
BITBANK7           100      0       0       8        0.0%
BANK7              100      0       0       9        0.0%
BITBANK6           100      0       0       6        0.0%
BANK6              100      0       0       7        0.0%
BITBANK5            A0      0       0       4        0.0%
BANK5               A0      0       0       5        0.0%
BITCOMRAM           5F      0       0       0        0.0%
COMRAM              5F      0      11       1       17.9%
BITSFR_5             0      0       0     200        0.0%
SFR_5                0      0       0     200        0.0%
BITSFR_4             0      0       0     200        0.0%
SFR_4                0      0       0     200        0.0%
BITSFR_3             0      0       0     200        0.0%
SFR_3                0      0       0     200        0.0%
BITSFR_2             0      0       0     200        0.0%
SFR_2                0      0       0     200        0.0%
BITSFR_1             0      0       0     200        0.0%
SFR_1                0      0       0     200        0.0%
BITSFR               0      0       0     200        0.0%
SFR                  0      0       0     200        0.0%
STACK                0      0       0       2        0.0%
NULL                 0      0       0       0        0.0%
ABS                  0      0      11      69        0.0%
DATA                 0      0      11       3        0.0%
CODE                 0      0       0       0        0.0%


Microchip Technology PIC18 Macro Assembler V2.31 build 20201012212115 
Symbol Table                                                                                   Thu Feb 25 18:36:34 2021

     __size_of_SysTickSetup 0022                          l20 FF1A                          l23 FF3C  
                        l17 FEFA                          l26 FEFC                          l63 FEFE  
                        l72 FFFA                          u10 FFA0                          u11 FF9C  
                        u20 FFB6                          u21 FFB2                          u30 FFD0  
                        u31 FFCC                          u47 FFA2                         l760 FFD0  
                       l752 FF92                         l762 FFD2                         l754 FFA0  
                       l748 FF04                         l780 FF1C                         l764 FFE0  
                       l756 FFA8                         l758 FFB6                         l790 FF4C  
                       l782 FF3E                         l792 FF50                         l784 FF40  
                       l794 FF54                         l786 FF44                         l788 FF48  
                       wreg 0004E8                        _LATA 0004BE                        _main FF3E  
              _SysTickSetup FF1C                        fsr1l 0004E1                        start FFFC  
      __size_of_SystemSleep 0002                ___param_bank 000000                  _ClockSetup FEFA  
                     ?_main 0000                       _PORTA 0004CE                       _PORTB 0004CF  
                     _TRISA 0004C6                       _TRISB 0004C7                       tablat 0004F5  
                     status 0004D8             __initialization FF60                __end_of_main FF60  
                    ??_main 0000               __activetblptr 000000                      _ANSELA 000400  
                    _ANSELB 000408          __size_of_GpioSetup 0018                 ?_ClockSetup 0000  
                    clear_0 FF86                __pdataCOMRAM 050E                      tblptrh 0004F7  
                    tblptrl 0004F6                      tblptru 0004F8                  _UserAppRun FF92  
                __accesstop 0560     __end_of__initialization FF8C               ___rparam_used 000001  
          _G_u8UserAppFlags 050D              __pcstackCOMRAM 0000           __end_of_GpioSetup FF1C  
       __size_of_ClockSetup 0002                 ?_UserAppRun 0000               ??_SystemSleep 0000  
                   __Hparam 0000                     __Lparam 0000                     __pcinit FF60  
                   __ramtop 2600                     __ptext0 FF3E                     __ptext1 FF92  
                   __ptext2 FEFE                     __ptext3 FEFC                     __ptext4 FF1C  
                   __ptext5 FF04                     __ptext6 FEFA        end_of_initialization FF8C  
          _G_u32SystemFlags 0501                     postdec1 0004E5                     postinc0 0004EE  
       __end_of_SystemSleep FEFE                ??_ClockSetup 0000         __size_of_UserAppRun 006A  
      UserAppRun@u32Counter 050E          __end_of_ClockSetup FEFC               __pidataCOMRAM FF00  
                 _GpioSetup FF04         start_initialization FF60               ?_SysTickSetup 0000  
               _SystemSleep FEFC                  ?_GpioSetup 0000                 __pbssCOMRAM 0501  
         _UserAppInitialize FEFE                ??_UserAppRun 0000          ?_UserAppInitialize 0000  
            ??_SysTickSetup 0000         ??_UserAppInitialize 0000          __end_of_UserAppRun FFFC  
 __end_of_UserAppInitialize FF00                 ??_GpioSetup 0000                   copy_data0 FF74  
                  __Hrparam 0000                    __Lrparam 0000        __end_of_SysTickSetup FF3E  
__size_of_UserAppInitialize 0002               __size_of_main 0022                ?_SystemSleep 0000  
        _G_u32SystemTime1ms 0509           _G_u32SystemTime1s 0505  
