

Microchip MPLAB XC8 Assembler V2.31 build 20201012212115 
                                                                                               Wed Mar 31 17:31:21 2021

Microchip MPLAB XC8 C Compiler v2.31 (Free license) build 20201012212115 Og1 
     1                           	processor	18F27Q43
     2                           	fnconf	rparam,??,?,0
     3                           	pagewidth 120
     4                           	opt	flic
     5                           	psect	idataBANK6,global,class=CODE,delta=1,noexec
     6                           	psect	cinit,global,reloc=2,class=CODE,delta=1
     7                           	psect	bssCOMRAM,global,class=COMRAM,space=1,delta=1,lowdata,noexec
     8                           	psect	dataBANK6,global,class=BANK6,space=1,delta=1,lowdata,noexec
     9                           	psect	cstackCOMRAM,global,class=COMRAM,space=1,delta=1,lowdata,noexec
    10                           	psect	text0,global,reloc=2,class=CODE,delta=1
    11                           	psect	text1,global,reloc=2,class=CODE,delta=1
    12                           	psect	text2,global,reloc=2,class=CODE,delta=1
    13                           	psect	text3,global,reloc=2,class=CODE,delta=1
    14                           	psect	text4,global,reloc=2,class=CODE,delta=1
    15                           	psect	text5,global,reloc=2,class=CODE,delta=1
    16                           	psect	text6,global,reloc=2,class=CODE,delta=1
    17                           	psect	text7,global,reloc=2,class=CODE,delta=1
    18                           	psect	intsave_regs,global,class=BIGRAM,space=1,delta=1,noexec
    19                           	psect	rparam,global,class=COMRAM,space=1,delta=1,noexec
    20                           	psect	idloc,global,abs,ovrld,class=IDLOC,space=5,delta=1,noexec
    21                           	psect	config,global,abs,ovrld,class=CONFIG,space=4,delta=1,noexec
    22  0000                     
    23                           ; Version 2.30
    24                           ; Generated 20/08/2020 GMT
    25                           ; 
    26                           ; Copyright © 2020, Microchip Technology Inc. and its subsidiaries ("Microchip")
    27                           ; All rights reserved.
    28                           ; 
    29                           ; This software is developed by Microchip Technology Inc. and its subsidiaries ("Microch
      +                          ip").
    30                           ; 
    31                           ; Redistribution and use in source and binary forms, with or without modification, are
    32                           ; permitted provided that the following conditions are met:
    33                           ; 
    34                           ;     1. Redistributions of source code must retain the above copyright notice, this lis
      +                          t of
    35                           ;        conditions and the following disclaimer.
    36                           ; 
    37                           ;     2. Redistributions in binary form must reproduce the above copyright notice, this 
      +                          list
    38                           ;        of conditions and the following disclaimer in the documentation and/or other
    39                           ;        materials provided with the distribution. Publication is not required when
    40                           ;        this file is used in an embedded application.
    41                           ; 
    42                           ;     3. Microchip's name may not be used to endorse or promote products derived from th
      +                          is
    43                           ;        software without specific prior written permission.
    44                           ; 
    45                           ; THIS SOFTWARE IS PROVIDED BY MICROCHIP "AS IS" AND ANY EXPRESS OR IMPLIED WARRANTIES,
    46                           ; INCLUDING, BUT NOT LIMITED TO, THE IMPLIED WARRANTIES OF MERCHANTABILITY AND FITNESS F
      +                          OR
    47                           ; PURPOSE ARE DISCLAIMED.  IN NO EVENT SHALL MICROCHIP BE LIABLE FOR ANY DIRECT, INDIREC
      +                          T,
    48                           ; INCIDENTAL, SPECIAL, EXEMPLARY, OR CONSEQUENTIAL DAMAGES (INCLUDING BUT NOT LIMITED TO
    49                           ; PROCUREMENT OF SUBSTITUTE GOODS OR SERVICES; LOSS OF USE, DATA OR PROFITS; OR BUSINESS
    50                           ; INTERRUPTION) HOWSOEVER CAUSED AND ON ANY THEORY OF LIABILITY, WHETHER IN CONTRACT, ST
      +                          RICT
    51                           ; LIABILITY, OR TORT (INCLUDING NEGLIGENCE OR OTHERWISE) ARISING IN ANY WAY OUT OF THE U
      +                          SE OF
    52                           ; THIS SOFTWARE, EVEN IF ADVISED OF THE POSSIBILITY OF SUCH DAMAGE.
    53                           ; 
    54                           ; 
    55                           ; Code-generator required, PIC18F27Q43 Definitions
    56                           ; 
    57                           ; SFR Addresses
    58  0000                     
    59                           	psect	idataBANK6
    60  01FEFC                     __pidataBANK6:
    61                           	callstack 0
    62                           
    63                           ;initializer for _UserApp_au8SineTable
    64  01FEFC  80                 	db	128
    65  01FEFD  83                 	db	131
    66  01FEFE  86                 	db	134
    67  01FEFF  89                 	db	137
    68  01FF00  8C                 	db	140
    69  01FF01  8F                 	db	143
    70  01FF02  92                 	db	146
    71  01FF03  95                 	db	149
    72  01FF04  98                 	db	152
    73  01FF05  9B                 	db	155
    74  01FF06  9E                 	db	158
    75  01FF07  A2                 	db	162
    76  01FF08  A5                 	db	165
    77  01FF09  A7                 	db	167
    78  01FF0A  AA                 	db	170
    79  01FF0B  AD                 	db	173
    80  01FF0C  B0                 	db	176
    81  01FF0D  B3                 	db	179
    82  01FF0E  B6                 	db	182
    83  01FF0F  B9                 	db	185
    84  01FF10  BC                 	db	188
    85  01FF11  BE                 	db	190
    86  01FF12  C1                 	db	193
    87  01FF13  C4                 	db	196
    88  01FF14  C6                 	db	198
    89  01FF15  C9                 	db	201
    90  01FF16  CB                 	db	203
    91  01FF17  CE                 	db	206
    92  01FF18  D0                 	db	208
    93  01FF19  D3                 	db	211
    94  01FF1A  D5                 	db	213
    95  01FF1B  D7                 	db	215
    96  01FF1C  DA                 	db	218
    97  01FF1D  DC                 	db	220
    98  01FF1E  DE                 	db	222
    99  01FF1F  E0                 	db	224
   100  01FF20  E2                 	db	226
   101  01FF21  E4                 	db	228
   102  01FF22  E6                 	db	230
   103  01FF23  E8                 	db	232
   104  01FF24  EA                 	db	234
   105  01FF25  EB                 	db	235
   106  01FF26  ED                 	db	237
   107  01FF27  EE                 	db	238
   108  01FF28  F0                 	db	240
   109  01FF29  F1                 	db	241
   110  01FF2A  F3                 	db	243
   111  01FF2B  F4                 	db	244
   112  01FF2C  F5                 	db	245
   113  01FF2D  F6                 	db	246
   114  01FF2E  F8                 	db	248
   115  01FF2F  F9                 	db	249
   116  01FF30  FA                 	db	250
   117  01FF31  FA                 	db	250
   118  01FF32  FB                 	db	251
   119  01FF33  FC                 	db	252
   120  01FF34  FD                 	db	253
   121  01FF35  FD                 	db	253
   122  01FF36  FE                 	db	254
   123  01FF37  FE                 	db	254
   124  01FF38  FE                 	db	254
   125  01FF39  FF                 	db	255
   126  01FF3A  FF                 	db	255
   127  01FF3B  FF                 	db	255
   128  01FF3C  FF                 	db	255
   129  01FF3D  FF                 	db	255
   130  01FF3E  FF                 	db	255
   131  01FF3F  FF                 	db	255
   132  01FF40  FE                 	db	254
   133  01FF41  FE                 	db	254
   134  01FF42  FE                 	db	254
   135  01FF43  FD                 	db	253
   136  01FF44  FD                 	db	253
   137  01FF45  FC                 	db	252
   138  01FF46  FB                 	db	251
   139  01FF47  FA                 	db	250
   140  01FF48  FA                 	db	250
   141  01FF49  F9                 	db	249
   142  01FF4A  F8                 	db	248
   143  01FF4B  F6                 	db	246
   144  01FF4C  F5                 	db	245
   145  01FF4D  F4                 	db	244
   146  01FF4E  F3                 	db	243
   147  01FF4F  F1                 	db	241
   148  01FF50  F0                 	db	240
   149  01FF51  EE                 	db	238
   150  01FF52  ED                 	db	237
   151  01FF53  EB                 	db	235
   152  01FF54  EA                 	db	234
   153  01FF55  E8                 	db	232
   154  01FF56  E6                 	db	230
   155  01FF57  E4                 	db	228
   156  01FF58  E2                 	db	226
   157  01FF59  E0                 	db	224
   158  01FF5A  DE                 	db	222
   159  01FF5B  DC                 	db	220
   160  01FF5C  DA                 	db	218
   161  01FF5D  D7                 	db	215
   162  01FF5E  D5                 	db	213
   163  01FF5F  D3                 	db	211
   164  01FF60  D0                 	db	208
   165  01FF61  CE                 	db	206
   166  01FF62  CB                 	db	203
   167  01FF63  C9                 	db	201
   168  01FF64  C6                 	db	198
   169  01FF65  C4                 	db	196
   170  01FF66  C1                 	db	193
   171  01FF67  BE                 	db	190
   172  01FF68  BC                 	db	188
   173  01FF69  B9                 	db	185
   174  01FF6A  B6                 	db	182
   175  01FF6B  B3                 	db	179
   176  01FF6C  B0                 	db	176
   177  01FF6D  AD                 	db	173
   178  01FF6E  AA                 	db	170
   179  01FF6F  A7                 	db	167
   180  01FF70  A5                 	db	165
   181  01FF71  A2                 	db	162
   182  01FF72  9E                 	db	158
   183  01FF73  9B                 	db	155
   184  01FF74  98                 	db	152
   185  01FF75  95                 	db	149
   186  01FF76  92                 	db	146
   187  01FF77  8F                 	db	143
   188  01FF78  8C                 	db	140
   189  01FF79  89                 	db	137
   190  01FF7A  86                 	db	134
   191  01FF7B  83                 	db	131
   192  01FF7C  80                 	db	128
   193  01FF7D  7C                 	db	124
   194  01FF7E  79                 	db	121
   195  01FF7F  76                 	db	118
   196  01FF80  73                 	db	115
   197  01FF81  70                 	db	112
   198  01FF82  6D                 	db	109
   199  01FF83  6A                 	db	106
   200  01FF84  67                 	db	103
   201  01FF85  64                 	db	100
   202  01FF86  61                 	db	97
   203  01FF87  5D                 	db	93
   204  01FF88  5A                 	db	90
   205  01FF89  58                 	db	88
   206  01FF8A  55                 	db	85
   207  01FF8B  52                 	db	82
   208  01FF8C  4F                 	db	79
   209  01FF8D  4C                 	db	76
   210  01FF8E  49                 	db	73
   211  01FF8F  46                 	db	70
   212  01FF90  43                 	db	67
   213  01FF91  41                 	db	65
   214  01FF92  3E                 	db	62
   215  01FF93  3B                 	db	59
   216  01FF94  39                 	db	57
   217  01FF95  36                 	db	54
   218  01FF96  34                 	db	52
   219  01FF97  31                 	db	49
   220  01FF98  2F                 	db	47
   221  01FF99  2C                 	db	44
   222  01FF9A  2A                 	db	42
   223  01FF9B  28                 	db	40
   224  01FF9C  25                 	db	37
   225  01FF9D  23                 	db	35
   226  01FF9E  21                 	db	33
   227  01FF9F  1F                 	db	31
   228  01FFA0  1D                 	db	29
   229  01FFA1  1B                 	db	27
   230  01FFA2  19                 	db	25
   231  01FFA3  17                 	db	23
   232  01FFA4  15                 	db	21
   233  01FFA5  14                 	db	20
   234  01FFA6  12                 	db	18
   235  01FFA7  11                 	db	17
   236  01FFA8  0F                 	db	15
   237  01FFA9  0E                 	db	14
   238  01FFAA  0C                 	db	12
   239  01FFAB  0B                 	db	11
   240  01FFAC  0A                 	db	10
   241  01FFAD  09                 	db	9
   242  01FFAE  07                 	db	7
   243  01FFAF  06                 	db	6
   244  01FFB0  05                 	db	5
   245  01FFB1  05                 	db	5
   246  01FFB2  04                 	db	4
   247  01FFB3  03                 	db	3
   248  01FFB4  02                 	db	2
   249  01FFB5  02                 	db	2
   250  01FFB6  01                 	db	1
   251  01FFB7  01                 	db	1
   252  01FFB8  01                 	db	1
   253  01FFB9  00                 	db	0
   254  01FFBA  00                 	db	0
   255  01FFBB  00                 	db	0
   256  01FFBC  00                 	db	0
   257  01FFBD  00                 	db	0
   258  01FFBE  00                 	db	0
   259  01FFBF  00                 	db	0
   260  01FFC0  01                 	db	1
   261  01FFC1  01                 	db	1
   262  01FFC2  01                 	db	1
   263  01FFC3  02                 	db	2
   264  01FFC4  02                 	db	2
   265  01FFC5  03                 	db	3
   266  01FFC6  04                 	db	4
   267  01FFC7  05                 	db	5
   268  01FFC8  05                 	db	5
   269  01FFC9  06                 	db	6
   270  01FFCA  07                 	db	7
   271  01FFCB  09                 	db	9
   272  01FFCC  0A                 	db	10
   273  01FFCD  0B                 	db	11
   274  01FFCE  0C                 	db	12
   275  01FFCF  0E                 	db	14
   276  01FFD0  0F                 	db	15
   277  01FFD1  11                 	db	17
   278  01FFD2  12                 	db	18
   279  01FFD3  14                 	db	20
   280  01FFD4  15                 	db	21
   281  01FFD5  17                 	db	23
   282  01FFD6  19                 	db	25
   283  01FFD7  1B                 	db	27
   284  01FFD8  1D                 	db	29
   285  01FFD9  1F                 	db	31
   286  01FFDA  21                 	db	33
   287  01FFDB  23                 	db	35
   288  01FFDC  25                 	db	37
   289  01FFDD  28                 	db	40
   290  01FFDE  2A                 	db	42
   291  01FFDF  2C                 	db	44
   292  01FFE0  2F                 	db	47
   293  01FFE1  31                 	db	49
   294  01FFE2  34                 	db	52
   295  01FFE3  36                 	db	54
   296  01FFE4  39                 	db	57
   297  01FFE5  3B                 	db	59
   298  01FFE6  3E                 	db	62
   299  01FFE7  41                 	db	65
   300  01FFE8  43                 	db	67
   301  01FFE9  46                 	db	70
   302  01FFEA  49                 	db	73
   303  01FFEB  4C                 	db	76
   304  01FFEC  4F                 	db	79
   305  01FFED  52                 	db	82
   306  01FFEE  55                 	db	85
   307  01FFEF  58                 	db	88
   308  01FFF0  5A                 	db	90
   309  01FFF1  5D                 	db	93
   310  01FFF2  61                 	db	97
   311  01FFF3  64                 	db	100
   312  01FFF4  67                 	db	103
   313  01FFF5  6A                 	db	106
   314  01FFF6  6D                 	db	109
   315  01FFF7  70                 	db	112
   316  01FFF8  73                 	db	115
   317  01FFF9  76                 	db	118
   318  01FFFA  79                 	db	121
   319  01FFFB  7C                 	db	124
   320  0000                     _DAC1DATL	set	125
   321  0000                     _DAC1CON	set	127
   322  0000                     _TMR0H	set	793
   323  0000                     _TMR0L	set	792
   324  0000                     _T0CON1	set	795
   325  0000                     _T0CON0	set	794
   326  0000                     _ANSELA	set	1024
   327  0000                     _PIR3	set	1201
   328  0000                     _LATA	set	1214
   329  0000                     _TRISA	set	1222
   330                           
   331                           ; #config settings
   332                           
   333                           	psect	cinit
   334  01FE86                     __pcinit:
   335                           	callstack 0
   336  01FE86                     start_initialization:
   337                           	callstack 0
   338  01FE86                     __initialization:
   339                           	callstack 0
   340                           
   341                           ; Initialize objects allocated to BANK6 (256 bytes)
   342                           ; load TBLPTR registers with __pidataBANK6
   343  01FE86  0EFC               	movlw	low __pidataBANK6
   344  01FE88  6EF6               	movwf	tblptrl,c
   345  01FE8A  0EFE               	movlw	high __pidataBANK6
   346  01FE8C  6EF7               	movwf	tblptrh,c
   347  01FE8E  0E01               	movlw	low (__pidataBANK6 shr (0+16))
   348  01FE90  6EF8               	movwf	tblptru,c
   349  01FE92  EE01  F200         	lfsr	0,__pdataBANK6
   350  01FE96  EE10 F100          	lfsr	1,256
   351  01FE9A                     copy_data0:
   352  01FE9A  0009               	tblrd		*+
   353  01FE9C  C4F5 F4EE          	movff	tablat,postinc0
   354  01FEA0  50E5               	movf	postdec1,w,c
   355  01FEA2  50E1               	movf	fsr1l,w,c
   356  01FEA4  E1FA               	bnz	copy_data0
   357  01FEA6  50E2               	movf	fsr1h,w,c
   358  01FEA8  E1F8               	bnz	copy_data0
   359                           
   360                           ; Clear objects allocated to COMRAM (14 bytes)
   361  01FEAA  EE01  F101         	lfsr	0,__pbssCOMRAM
   362  01FEAE  0E0E               	movlw	14
   363  01FEB0                     clear_0:
   364  01FEB0  6AEE               	clrf	postinc0,c
   365  01FEB2  06E8               	decf	wreg,f,c
   366  01FEB4  E1FD               	bnz	clear_0
   367  01FEB6                     end_of_initialization:
   368                           	callstack 0
   369  01FEB6                     __end_of__initialization:
   370                           	callstack 0
   371  01FEB6  0100               	movlb	0
   372  01FEB8  EF5E  F0FF         	goto	_main	;jump to C main() function
   373                           
   374                           	psect	bssCOMRAM
   375  000501                     __pbssCOMRAM:
   376                           	callstack 0
   377  000501                     _G_u32SystemFlags:
   378                           	callstack 0
   379  000501                     	ds	4
   380  000505                     _G_u32SystemTime1s:
   381                           	callstack 0
   382  000505                     	ds	4
   383  000509                     _G_u32SystemTime1ms:
   384                           	callstack 0
   385  000509                     	ds	4
   386  00050D                     UserAppRun@u8ArrayIndex:
   387                           	callstack 0
   388  00050D                     	ds	1
   389  00050E                     _G_u8UserAppFlags:
   390                           	callstack 0
   391  00050E                     	ds	1
   392                           
   393                           	psect	dataBANK6
   394  000600                     __pdataBANK6:
   395                           	callstack 0
   396  000600                     _UserApp_au8SineTable:
   397                           	callstack 0
   398  000600                     	ds	256
   399                           
   400                           	psect	cstackCOMRAM
   401  00050F                     __pcstackCOMRAM:
   402                           	callstack 0
   403  00050F                     TimeXus@u16Microseconds:
   404                           	callstack 0
   405                           
   406                           ; 2 bytes @ 0x0
   407  00050F                     	ds	2
   408  000511                     TimeXus@u16Timer:
   409                           	callstack 0
   410                           
   411                           ; 2 bytes @ 0x2
   412  000511                     	ds	2
   413  000513                     
   414                           ; 1 bytes @ 0x4
   415 ;;
   416 ;;Main: autosize = 0, tempsize = 0, incstack = 0, save=0
   417 ;;
   418 ;; *************** function _main *****************
   419 ;; Defined at:
   420 ;;		line 36 in file "main.c"
   421 ;; Parameters:    Size  Location     Type
   422 ;;		None
   423 ;; Auto vars:     Size  Location     Type
   424 ;;		None
   425 ;; Return value:  Size  Location     Type
   426 ;;                  1    wreg      void 
   427 ;; Registers used:
   428 ;;		wreg, fsr2l, fsr2h, status,2, status,0, cstack
   429 ;; Tracked objects:
   430 ;;		On entry : 0/0
   431 ;;		On exit  : 0/0
   432 ;;		Unchanged: 0/0
   433 ;; Data sizes:     COMRAM   BANK5   BANK6   BANK7   BANK8   BANK9  BANK10  BANK11  BANK12  BANK13  BANK14  BANK15  BANK1
      +6  BANK17  BANK18  BANK19  BANK20  BANK21  BANK22  BANK23  BANK24  BANK25  BANK26  BANK27  BANK28  BANK29  BANK30  BANK3
      +1  BANK32  BANK33  BANK34  BANK35  BANK36  BANK37
   434 ;;      Params:         0       0       0       0       0       0       0       0       0       0       0       0       
      +0       0       0       0       0       0       0       0       0       0       0       0       0       0       0       
      +0       0       0       0       0       0       0
   435 ;;      Locals:         0       0       0       0       0       0       0       0       0       0       0       0       
      +0       0       0       0       0       0       0       0       0       0       0       0       0       0       0       
      +0       0       0       0       0       0       0
   436 ;;      Temps:          0       0       0       0       0       0       0       0       0       0       0       0       
      +0       0       0       0       0       0       0       0       0       0       0       0       0       0       0       
      +0       0       0       0       0       0       0
   437 ;;      Totals:         0       0       0       0       0       0       0       0       0       0       0       0       
      +0       0       0       0       0       0       0       0       0       0       0       0       0       0       0       
      +0       0       0       0       0       0       0
   438 ;;Total ram usage:        0 bytes
   439 ;; Hardware stack levels required when called:    1
   440 ;; This function calls:
   441 ;;		_ClockSetup
   442 ;;		_GpioSetup
   443 ;;		_SysTickSetup
   444 ;;		_SystemSleep
   445 ;;		_TimeXus
   446 ;;		_UserAppInitialize
   447 ;;		_UserAppRun
   448 ;; This function is called by:
   449 ;;		Startup code after reset
   450 ;; This function uses a non-reentrant model
   451 ;;
   452                           
   453                           	psect	text0
   454  01FEBC                     __ptext0:
   455                           	callstack 0
   456  01FEBC                     _main:
   457                           	callstack 127
   458  01FEBC                     
   459                           ;main.c: 38:   G_u32SystemFlags |= (u32)0x80000000;
   460  01FEBC  8E04               	bsf	(_G_u32SystemFlags+3)^(0+1280),7,c	;volatile
   461  01FEBE                     
   462                           ;main.c: 41:   ClockSetup();
   463  01FEBE  EC07  F0FF         	call	_ClockSetup	;wreg free
   464  01FEC2                     
   465                           ;main.c: 42:   SysTickSetup();
   466  01FEC2  EC32  F0FF         	call	_SysTickSetup	;wreg free
   467  01FEC6                     
   468                           ;main.c: 43:   GpioSetup();
   469  01FEC6  EC0F  F0FF         	call	_GpioSetup	;wreg free
   470  01FECA                     
   471                           ;main.c: 48:   UserAppInitialize();
   472  01FECA  EC09  F0FF         	call	_UserAppInitialize	;wreg free
   473  01FECE                     l824:
   474                           
   475                           ;main.c: 54:   {;main.c: 58:     UserAppRun();
   476  01FECE  EC18  F0FF         	call	_UserAppRun	;wreg free
   477  01FED2                     
   478                           ;main.c: 62:     (LATA &= 0x7F);
   479  01FED2  9EBE               	bcf	190,7,c	;volatile
   480  01FED4                     
   481                           ;main.c: 63:     SystemSleep();
   482  01FED4  EC08  F0FF         	call	_SystemSleep	;wreg free
   483  01FED8                     
   484                           ;main.c: 65:     TimeXus(10);
   485  01FED8  0E00               	movlw	0
   486  01FEDA  6E10               	movwf	(TimeXus@u16Microseconds+1)^(0+1280),c
   487  01FEDC  0E0A               	movlw	10
   488  01FEDE  6E0F               	movwf	TimeXus@u16Microseconds^(0+1280),c
   489  01FEE0  EC24  F0FF         	call	_TimeXus	;wreg free
   490  01FEE4                     l52:
   491  01FEE4  AEB1               	btfss	177,7,c	;volatile
   492  01FEE6  EF77  F0FF         	goto	u21
   493  01FEEA  EF79  F0FF         	goto	u20
   494  01FEEE                     u21:
   495  01FEEE  EF72  F0FF         	goto	l52
   496  01FEF2                     u20:
   497  01FEF2                     
   498                           ;main.c: 67:     (LATA |= 0x80);
   499  01FEF2  8EBE               	bsf	190,7,c	;volatile
   500  01FEF4  EF67  F0FF         	goto	l824
   501  01FEF8  EFFE  F0FF         	goto	start
   502  01FEFC                     __end_of_main:
   503                           	callstack 0
   504                           
   505 ;; *************** function _UserAppRun *****************
   506 ;; Defined at:
   507 ;;		line 127 in file "user_app.c"
   508 ;; Parameters:    Size  Location     Type
   509 ;;		None
   510 ;; Auto vars:     Size  Location     Type
   511 ;;		None
   512 ;; Return value:  Size  Location     Type
   513 ;;                  1    wreg      void 
   514 ;; Registers used:
   515 ;;		wreg, fsr2l, fsr2h, status,2, status,0
   516 ;; Tracked objects:
   517 ;;		On entry : 0/0
   518 ;;		On exit  : 0/0
   519 ;;		Unchanged: 0/0
   520 ;; Data sizes:     COMRAM   BANK5   BANK6   BANK7   BANK8   BANK9  BANK10  BANK11  BANK12  BANK13  BANK14  BANK15  BANK1
      +6  BANK17  BANK18  BANK19  BANK20  BANK21  BANK22  BANK23  BANK24  BANK25  BANK26  BANK27  BANK28  BANK29  BANK30  BANK3
      +1  BANK32  BANK33  BANK34  BANK35  BANK36  BANK37
   521 ;;      Params:         0       0       0       0       0       0       0       0       0       0       0       0       
      +0       0       0       0       0       0       0       0       0       0       0       0       0       0       0       
      +0       0       0       0       0       0       0
   522 ;;      Locals:         0       0       0       0       0       0       0       0       0       0       0       0       
      +0       0       0       0       0       0       0       0       0       0       0       0       0       0       0       
      +0       0       0       0       0       0       0
   523 ;;      Temps:          0       0       0       0       0       0       0       0       0       0       0       0       
      +0       0       0       0       0       0       0       0       0       0       0       0       0       0       0       
      +0       0       0       0       0       0       0
   524 ;;      Totals:         0       0       0       0       0       0       0       0       0       0       0       0       
      +0       0       0       0       0       0       0       0       0       0       0       0       0       0       0       
      +0       0       0       0       0       0       0
   525 ;;Total ram usage:        0 bytes
   526 ;; Hardware stack levels used:    1
   527 ;; This function calls:
   528 ;;		Nothing
   529 ;; This function is called by:
   530 ;;		_main
   531 ;; This function uses a non-reentrant model
   532 ;;
   533                           
   534                           	psect	text1
   535  01FE30                     __ptext1:
   536                           	callstack 0
   537  01FE30                     _UserAppRun:
   538                           	callstack 127
   539  01FE30                     
   540                           ;user_app.c: 129:     static u8 u8ArrayIndex = 0;;user_app.c: 130:     DAC1DATL = UserAp
      +                          p_au8SineTable[u8ArrayIndex+=4];
   541  01FE30  0E04               	movlw	4
   542  01FE32  260D               	addwf	UserAppRun@u8ArrayIndex^(0+1280),f,c
   543  01FE34  0E00               	movlw	low _UserApp_au8SineTable
   544  01FE36  240D               	addwf	UserAppRun@u8ArrayIndex^(0+1280),w,c
   545  01FE38  6ED9               	movwf	fsr2l,c
   546  01FE3A  6ADA               	clrf	fsr2h,c
   547  01FE3C  0E06               	movlw	high _UserApp_au8SineTable
   548  01FE3E  22DA               	addwfc	fsr2h,f,c
   549  01FE40  50DF               	movf	indf2,w,c
   550  01FE42  0100               	movlb	0	; () banked
   551  01FE44  6F7D               	movwf	125,b	;volatile
   552  01FE46                     
   553                           ; BSR set to: 0
   554  01FE46  0012               	return		;funcret
   555  01FE48                     __end_of_UserAppRun:
   556                           	callstack 0
   557                           
   558 ;; *************** function _UserAppInitialize *****************
   559 ;; Defined at:
   560 ;;		line 89 in file "user_app.c"
   561 ;; Parameters:    Size  Location     Type
   562 ;;		None
   563 ;; Auto vars:     Size  Location     Type
   564 ;;		None
   565 ;; Return value:  Size  Location     Type
   566 ;;                  1    wreg      void 
   567 ;; Registers used:
   568 ;;		wreg, status,2
   569 ;; Tracked objects:
   570 ;;		On entry : 0/0
   571 ;;		On exit  : 0/0
   572 ;;		Unchanged: 0/0
   573 ;; Data sizes:     COMRAM   BANK5   BANK6   BANK7   BANK8   BANK9  BANK10  BANK11  BANK12  BANK13  BANK14  BANK15  BANK1
      +6  BANK17  BANK18  BANK19  BANK20  BANK21  BANK22  BANK23  BANK24  BANK25  BANK26  BANK27  BANK28  BANK29  BANK30  BANK3
      +1  BANK32  BANK33  BANK34  BANK35  BANK36  BANK37
   574 ;;      Params:         0       0       0       0       0       0       0       0       0       0       0       0       
      +0       0       0       0       0       0       0       0       0       0       0       0       0       0       0       
      +0       0       0       0       0       0       0
   575 ;;      Locals:         0       0       0       0       0       0       0       0       0       0       0       0       
      +0       0       0       0       0       0       0       0       0       0       0       0       0       0       0       
      +0       0       0       0       0       0       0
   576 ;;      Temps:          0       0       0       0       0       0       0       0       0       0       0       0       
      +0       0       0       0       0       0       0       0       0       0       0       0       0       0       0       
      +0       0       0       0       0       0       0
   577 ;;      Totals:         0       0       0       0       0       0       0       0       0       0       0       0       
      +0       0       0       0       0       0       0       0       0       0       0       0       0       0       0       
      +0       0       0       0       0       0       0
   578 ;;Total ram usage:        0 bytes
   579 ;; Hardware stack levels used:    1
   580 ;; This function calls:
   581 ;;		Nothing
   582 ;; This function is called by:
   583 ;;		_main
   584 ;; This function uses a non-reentrant model
   585 ;;
   586                           
   587                           	psect	text2
   588  01FE12                     __ptext2:
   589                           	callstack 0
   590  01FE12                     _UserAppInitialize:
   591                           	callstack 127
   592  01FE12                     
   593                           ;user_app.c: 91:     T0CON0 = 0x90;
   594  01FE12  0E90               	movlw	144
   595  01FE14  0103               	movlb	3	; () banked
   596  01FE16  6F1A               	movwf	26,b	;volatile
   597                           
   598                           ;user_app.c: 92:     T0CON1 = 0x54;
   599  01FE18  0E54               	movlw	84
   600  01FE1A  6F1B               	movwf	27,b	;volatile
   601  01FE1C                     
   602                           ; BSR set to: 3
   603  01FE1C  0012               	return		;funcret
   604  01FE1E                     __end_of_UserAppInitialize:
   605                           	callstack 0
   606                           
   607 ;; *************** function _TimeXus *****************
   608 ;; Defined at:
   609 ;;		line 108 in file "user_app.c"
   610 ;; Parameters:    Size  Location     Type
   611 ;;  u16Microseco    2    0[COMRAM] unsigned short 
   612 ;; Auto vars:     Size  Location     Type
   613 ;;  u16Timer        2    2[COMRAM] unsigned short 
   614 ;; Return value:  Size  Location     Type
   615 ;;                  1    wreg      void 
   616 ;; Registers used:
   617 ;;		wreg, status,2, status,0
   618 ;; Tracked objects:
   619 ;;		On entry : 0/0
   620 ;;		On exit  : 0/0
   621 ;;		Unchanged: 0/0
   622 ;; Data sizes:     COMRAM   BANK5   BANK6   BANK7   BANK8   BANK9  BANK10  BANK11  BANK12  BANK13  BANK14  BANK15  BANK1
      +6  BANK17  BANK18  BANK19  BANK20  BANK21  BANK22  BANK23  BANK24  BANK25  BANK26  BANK27  BANK28  BANK29  BANK30  BANK3
      +1  BANK32  BANK33  BANK34  BANK35  BANK36  BANK37
   623 ;;      Params:         2       0       0       0       0       0       0       0       0       0       0       0       
      +0       0       0       0       0       0       0       0       0       0       0       0       0       0       0       
      +0       0       0       0       0       0       0
   624 ;;      Locals:         2       0       0       0       0       0       0       0       0       0       0       0       
      +0       0       0       0       0       0       0       0       0       0       0       0       0       0       0       
      +0       0       0       0       0       0       0
   625 ;;      Temps:          0       0       0       0       0       0       0       0       0       0       0       0       
      +0       0       0       0       0       0       0       0       0       0       0       0       0       0       0       
      +0       0       0       0       0       0       0
   626 ;;      Totals:         4       0       0       0       0       0       0       0       0       0       0       0       
      +0       0       0       0       0       0       0       0       0       0       0       0       0       0       0       
      +0       0       0       0       0       0       0
   627 ;;Total ram usage:        4 bytes
   628 ;; Hardware stack levels used:    1
   629 ;; This function calls:
   630 ;;		Nothing
   631 ;; This function is called by:
   632 ;;		_main
   633 ;; This function uses a non-reentrant model
   634 ;;
   635                           
   636                           	psect	text3
   637  01FE48                     __ptext3:
   638                           	callstack 0
   639  01FE48                     _TimeXus:
   640                           	callstack 127
   641  01FE48                     
   642                           ;user_app.c: 108: void TimeXus(u16 u16Microseconds);user_app.c: 109: {;user_app.c: 110: 
      +                              T0CON0 &= 0x7F;
   643  01FE48  0103               	movlb	3	; () banked
   644  01FE4A  9F1A               	bcf	26,7,b	;volatile
   645  01FE4C                     
   646                           ; BSR set to: 3
   647                           ;user_app.c: 111:     u16 u16Timer = 0xFFFF - u16Microseconds;
   648  01FE4C  1C0F               	comf	TimeXus@u16Microseconds^(0+1280),w,c
   649  01FE4E  6E11               	movwf	TimeXus@u16Timer^(0+1280),c
   650  01FE50  1C10               	comf	(TimeXus@u16Microseconds+1)^(0+1280),w,c
   651  01FE52  6E12               	movwf	(TimeXus@u16Timer+1)^(0+1280),c
   652  01FE54                     
   653                           ; BSR set to: 3
   654                           ;user_app.c: 112:     TMR0L = u16Timer & 0x00FF;
   655  01FE54  0061  F444  F318   	movff	TimeXus@u16Timer,792	;volatile
   656  01FE5A                     
   657                           ; BSR set to: 3
   658                           ;user_app.c: 113:     TMR0H = (u8) ((u16Timer & 0xFF00) >> 8 );
   659  01FE5A  5012               	movf	(TimeXus@u16Timer+1)^(0+1280),w,c
   660  01FE5C  6F19               	movwf	25,b	;volatile
   661  01FE5E                     
   662                           ; BSR set to: 3
   663                           ;user_app.c: 114:     PIR3 &= 0x7F;
   664  01FE5E  9EB1               	bcf	177,7,c	;volatile
   665  01FE60                     
   666                           ; BSR set to: 3
   667                           ;user_app.c: 115:     T0CON0 |= 0x80;
   668  01FE60  8F1A               	bsf	26,7,b	;volatile
   669  01FE62                     
   670                           ; BSR set to: 3
   671  01FE62  0012               	return		;funcret
   672  01FE64                     __end_of_TimeXus:
   673                           	callstack 0
   674                           
   675 ;; *************** function _SystemSleep *****************
   676 ;; Defined at:
   677 ;;		line 135 in file "encm369_pic18.c"
   678 ;; Parameters:    Size  Location     Type
   679 ;;		None
   680 ;; Auto vars:     Size  Location     Type
   681 ;;		None
   682 ;; Return value:  Size  Location     Type
   683 ;;                  1    wreg      void 
   684 ;; Registers used:
   685 ;;		None
   686 ;; Tracked objects:
   687 ;;		On entry : 0/0
   688 ;;		On exit  : 0/0
   689 ;;		Unchanged: 0/0
   690 ;; Data sizes:     COMRAM   BANK5   BANK6   BANK7   BANK8   BANK9  BANK10  BANK11  BANK12  BANK13  BANK14  BANK15  BANK1
      +6  BANK17  BANK18  BANK19  BANK20  BANK21  BANK22  BANK23  BANK24  BANK25  BANK26  BANK27  BANK28  BANK29  BANK30  BANK3
      +1  BANK32  BANK33  BANK34  BANK35  BANK36  BANK37
   691 ;;      Params:         0       0       0       0       0       0       0       0       0       0       0       0       
      +0       0       0       0       0       0       0       0       0       0       0       0       0       0       0       
      +0       0       0       0       0       0       0
   692 ;;      Locals:         0       0       0       0       0       0       0       0       0       0       0       0       
      +0       0       0       0       0       0       0       0       0       0       0       0       0       0       0       
      +0       0       0       0       0       0       0
   693 ;;      Temps:          0       0       0       0       0       0       0       0       0       0       0       0       
      +0       0       0       0       0       0       0       0       0       0       0       0       0       0       0       
      +0       0       0       0       0       0       0
   694 ;;      Totals:         0       0       0       0       0       0       0       0       0       0       0       0       
      +0       0       0       0       0       0       0       0       0       0       0       0       0       0       0       
      +0       0       0       0       0       0       0
   695 ;;Total ram usage:        0 bytes
   696 ;; Hardware stack levels used:    1
   697 ;; This function calls:
   698 ;;		Nothing
   699 ;; This function is called by:
   700 ;;		_main
   701 ;; This function uses a non-reentrant model
   702 ;;
   703                           
   704                           	psect	text4
   705  01FE10                     __ptext4:
   706                           	callstack 0
   707  01FE10                     _SystemSleep:
   708                           	callstack 127
   709  01FE10  0012               	return		;funcret
   710  01FE12                     __end_of_SystemSleep:
   711                           	callstack 0
   712                           
   713 ;; *************** function _SysTickSetup *****************
   714 ;; Defined at:
   715 ;;		line 113 in file "encm369_pic18.c"
   716 ;; Parameters:    Size  Location     Type
   717 ;;		None
   718 ;; Auto vars:     Size  Location     Type
   719 ;;		None
   720 ;; Return value:  Size  Location     Type
   721 ;;                  1    wreg      void 
   722 ;; Registers used:
   723 ;;		wreg, status,2
   724 ;; Tracked objects:
   725 ;;		On entry : 0/0
   726 ;;		On exit  : 0/0
   727 ;;		Unchanged: 0/0
   728 ;; Data sizes:     COMRAM   BANK5   BANK6   BANK7   BANK8   BANK9  BANK10  BANK11  BANK12  BANK13  BANK14  BANK15  BANK1
      +6  BANK17  BANK18  BANK19  BANK20  BANK21  BANK22  BANK23  BANK24  BANK25  BANK26  BANK27  BANK28  BANK29  BANK30  BANK3
      +1  BANK32  BANK33  BANK34  BANK35  BANK36  BANK37
   729 ;;      Params:         0       0       0       0       0       0       0       0       0       0       0       0       
      +0       0       0       0       0       0       0       0       0       0       0       0       0       0       0       
      +0       0       0       0       0       0       0
   730 ;;      Locals:         0       0       0       0       0       0       0       0       0       0       0       0       
      +0       0       0       0       0       0       0       0       0       0       0       0       0       0       0       
      +0       0       0       0       0       0       0
   731 ;;      Temps:          0       0       0       0       0       0       0       0       0       0       0       0       
      +0       0       0       0       0       0       0       0       0       0       0       0       0       0       0       
      +0       0       0       0       0       0       0
   732 ;;      Totals:         0       0       0       0       0       0       0       0       0       0       0       0       
      +0       0       0       0       0       0       0       0       0       0       0       0       0       0       0       
      +0       0       0       0       0       0       0
   733 ;;Total ram usage:        0 bytes
   734 ;; Hardware stack levels used:    1
   735 ;; This function calls:
   736 ;;		Nothing
   737 ;; This function is called by:
   738 ;;		_main
   739 ;; This function uses a non-reentrant model
   740 ;;
   741                           
   742                           	psect	text5
   743  01FE64                     __ptext5:
   744                           	callstack 0
   745  01FE64                     _SysTickSetup:
   746                           	callstack 127
   747  01FE64                     
   748                           ;encm369_pic18.c: 115:   G_u32SystemTime1ms = 0;
   749  01FE64  0E00               	movlw	0
   750  01FE66  6E09               	movwf	_G_u32SystemTime1ms^(0+1280),c	;volatile
   751  01FE68  0E00               	movlw	0
   752  01FE6A  6E0A               	movwf	(_G_u32SystemTime1ms+1)^(0+1280),c	;volatile
   753  01FE6C  0E00               	movlw	0
   754  01FE6E  6E0B               	movwf	(_G_u32SystemTime1ms+2)^(0+1280),c	;volatile
   755  01FE70  0E00               	movlw	0
   756  01FE72  6E0C               	movwf	(_G_u32SystemTime1ms+3)^(0+1280),c	;volatile
   757                           
   758                           ;encm369_pic18.c: 116:   G_u32SystemTime1s = 0;
   759  01FE74  0E00               	movlw	0
   760  01FE76  6E05               	movwf	_G_u32SystemTime1s^(0+1280),c	;volatile
   761  01FE78  0E00               	movlw	0
   762  01FE7A  6E06               	movwf	(_G_u32SystemTime1s+1)^(0+1280),c	;volatile
   763  01FE7C  0E00               	movlw	0
   764  01FE7E  6E07               	movwf	(_G_u32SystemTime1s+2)^(0+1280),c	;volatile
   765  01FE80  0E00               	movlw	0
   766  01FE82  6E08               	movwf	(_G_u32SystemTime1s+3)^(0+1280),c	;volatile
   767  01FE84  0012               	return		;funcret
   768  01FE86                     __end_of_SysTickSetup:
   769                           	callstack 0
   770                           
   771 ;; *************** function _GpioSetup *****************
   772 ;; Defined at:
   773 ;;		line 89 in file "encm369_pic18.c"
   774 ;; Parameters:    Size  Location     Type
   775 ;;		None
   776 ;; Auto vars:     Size  Location     Type
   777 ;;		None
   778 ;; Return value:  Size  Location     Type
   779 ;;                  1    wreg      void 
   780 ;; Registers used:
   781 ;;		wreg, status,2
   782 ;; Tracked objects:
   783 ;;		On entry : 0/0
   784 ;;		On exit  : 0/0
   785 ;;		Unchanged: 0/0
   786 ;; Data sizes:     COMRAM   BANK5   BANK6   BANK7   BANK8   BANK9  BANK10  BANK11  BANK12  BANK13  BANK14  BANK15  BANK1
      +6  BANK17  BANK18  BANK19  BANK20  BANK21  BANK22  BANK23  BANK24  BANK25  BANK26  BANK27  BANK28  BANK29  BANK30  BANK3
      +1  BANK32  BANK33  BANK34  BANK35  BANK36  BANK37
   787 ;;      Params:         0       0       0       0       0       0       0       0       0       0       0       0       
      +0       0       0       0       0       0       0       0       0       0       0       0       0       0       0       
      +0       0       0       0       0       0       0
   788 ;;      Locals:         0       0       0       0       0       0       0       0       0       0       0       0       
      +0       0       0       0       0       0       0       0       0       0       0       0       0       0       0       
      +0       0       0       0       0       0       0
   789 ;;      Temps:          0       0       0       0       0       0       0       0       0       0       0       0       
      +0       0       0       0       0       0       0       0       0       0       0       0       0       0       0       
      +0       0       0       0       0       0       0
   790 ;;      Totals:         0       0       0       0       0       0       0       0       0       0       0       0       
      +0       0       0       0       0       0       0       0       0       0       0       0       0       0       0       
      +0       0       0       0       0       0       0
   791 ;;Total ram usage:        0 bytes
   792 ;; Hardware stack levels used:    1
   793 ;; This function calls:
   794 ;;		Nothing
   795 ;; This function is called by:
   796 ;;		_main
   797 ;; This function uses a non-reentrant model
   798 ;;
   799                           
   800                           	psect	text6
   801  01FE1E                     __ptext6:
   802                           	callstack 0
   803  01FE1E                     _GpioSetup:
   804                           	callstack 127
   805  01FE1E                     
   806                           ;encm369_pic18.c: 92:     ANSELA = 0x00;
   807  01FE1E  0E00               	movlw	0
   808  01FE20  0104               	movlb	4	; () banked
   809  01FE22  6F00               	movwf	0,b	;volatile
   810                           
   811                           ;encm369_pic18.c: 93:     TRISA = 0x00;
   812  01FE24  0E00               	movlw	0
   813  01FE26  6EC6               	movwf	198,c	;volatile
   814                           
   815                           ;encm369_pic18.c: 96:     DAC1CON = 0xA0;
   816  01FE28  0EA0               	movlw	160
   817  01FE2A  0100               	movlb	0	; () banked
   818  01FE2C  6F7F               	movwf	127,b	;volatile
   819  01FE2E                     
   820                           ; BSR set to: 0
   821  01FE2E  0012               	return		;funcret
   822  01FE30                     __end_of_GpioSetup:
   823                           	callstack 0
   824                           
   825 ;; *************** function _ClockSetup *****************
   826 ;; Defined at:
   827 ;;		line 70 in file "encm369_pic18.c"
   828 ;; Parameters:    Size  Location     Type
   829 ;;		None
   830 ;; Auto vars:     Size  Location     Type
   831 ;;		None
   832 ;; Return value:  Size  Location     Type
   833 ;;                  1    wreg      void 
   834 ;; Registers used:
   835 ;;		None
   836 ;; Tracked objects:
   837 ;;		On entry : 0/0
   838 ;;		On exit  : 0/0
   839 ;;		Unchanged: 0/0
   840 ;; Data sizes:     COMRAM   BANK5   BANK6   BANK7   BANK8   BANK9  BANK10  BANK11  BANK12  BANK13  BANK14  BANK15  BANK1
      +6  BANK17  BANK18  BANK19  BANK20  BANK21  BANK22  BANK23  BANK24  BANK25  BANK26  BANK27  BANK28  BANK29  BANK30  BANK3
      +1  BANK32  BANK33  BANK34  BANK35  BANK36  BANK37
   841 ;;      Params:         0       0       0       0       0       0       0       0       0       0       0       0       
      +0       0       0       0       0       0       0       0       0       0       0       0       0       0       0       
      +0       0       0       0       0       0       0
   842 ;;      Locals:         0       0       0       0       0       0       0       0       0       0       0       0       
      +0       0       0       0       0       0       0       0       0       0       0       0       0       0       0       
      +0       0       0       0       0       0       0
   843 ;;      Temps:          0       0       0       0       0       0       0       0       0       0       0       0       
      +0       0       0       0       0       0       0       0       0       0       0       0       0       0       0       
      +0       0       0       0       0       0       0
   844 ;;      Totals:         0       0       0       0       0       0       0       0       0       0       0       0       
      +0       0       0       0       0       0       0       0       0       0       0       0       0       0       0       
      +0       0       0       0       0       0       0
   845 ;;Total ram usage:        0 bytes
   846 ;; Hardware stack levels used:    1
   847 ;; This function calls:
   848 ;;		Nothing
   849 ;; This function is called by:
   850 ;;		_main
   851 ;; This function uses a non-reentrant model
   852 ;;
   853                           
   854                           	psect	text7
   855  01FE0E                     __ptext7:
   856                           	callstack 0
   857  01FE0E                     _ClockSetup:
   858                           	callstack 127
   859  01FE0E  0012               	return		;funcret
   860  01FE10                     __end_of_ClockSetup:
   861                           	callstack 0
   862  0000                     
   863                           	psect	rparam
   864  0000                     
   865                           	psect	idloc
   866                           
   867                           ;Config register IDLOC0 @ 0x200000
   868                           ;	unspecified, using default values
   869  200000                     	org	2097152
   870  200000  0FFF               	dw	4095
   871                           
   872                           ;Config register IDLOC1 @ 0x200002
   873                           ;	unspecified, using default values
   874  200002                     	org	2097154
   875  200002  0FFF               	dw	4095
   876                           
   877                           ;Config register IDLOC2 @ 0x200004
   878                           ;	unspecified, using default values
   879  200004                     	org	2097156
   880  200004  0FFF               	dw	4095
   881                           
   882                           ;Config register IDLOC3 @ 0x200006
   883                           ;	unspecified, using default values
   884  200006                     	org	2097158
   885  200006  0FFF               	dw	4095
   886                           
   887                           ;Config register IDLOC4 @ 0x200008
   888                           ;	unspecified, using default values
   889  200008                     	org	2097160
   890  200008  0FFF               	dw	4095
   891                           
   892                           ;Config register IDLOC5 @ 0x20000A
   893                           ;	unspecified, using default values
   894  20000A                     	org	2097162
   895  20000A  0FFF               	dw	4095
   896                           
   897                           ;Config register IDLOC6 @ 0x20000C
   898                           ;	unspecified, using default values
   899  20000C                     	org	2097164
   900  20000C  0FFF               	dw	4095
   901                           
   902                           ;Config register IDLOC7 @ 0x20000E
   903                           ;	unspecified, using default values
   904  20000E                     	org	2097166
   905  20000E  0FFF               	dw	4095
   906                           
   907                           ;Config register IDLOC8 @ 0x200010
   908                           ;	unspecified, using default values
   909  200010                     	org	2097168
   910  200010  0FFF               	dw	4095
   911                           
   912                           ;Config register IDLOC9 @ 0x200012
   913                           ;	unspecified, using default values
   914  200012                     	org	2097170
   915  200012  0FFF               	dw	4095
   916                           
   917                           ;Config register IDLOC10 @ 0x200014
   918                           ;	unspecified, using default values
   919  200014                     	org	2097172
   920  200014  0FFF               	dw	4095
   921                           
   922                           ;Config register IDLOC11 @ 0x200016
   923                           ;	unspecified, using default values
   924  200016                     	org	2097174
   925  200016  0FFF               	dw	4095
   926                           
   927                           ;Config register IDLOC12 @ 0x200018
   928                           ;	unspecified, using default values
   929  200018                     	org	2097176
   930  200018  0FFF               	dw	4095
   931                           
   932                           ;Config register IDLOC13 @ 0x20001A
   933                           ;	unspecified, using default values
   934  20001A                     	org	2097178
   935  20001A  0FFF               	dw	4095
   936                           
   937                           ;Config register IDLOC14 @ 0x20001C
   938                           ;	unspecified, using default values
   939  20001C                     	org	2097180
   940  20001C  0FFF               	dw	4095
   941                           
   942                           ;Config register IDLOC15 @ 0x20001E
   943                           ;	unspecified, using default values
   944  20001E                     	org	2097182
   945  20001E  0FFF               	dw	4095
   946                           
   947                           	psect	config
   948                           
   949                           ;Config register CONFIG1 @ 0x300000
   950                           ;	External Oscillator Selection
   951                           ;	FEXTOSC = OFF, Oscillator not enabled
   952                           ;	Reset Oscillator Selection
   953                           ;	RSTOSC = HFINTOSC_64MHZ, HFINTOSC with HFFRQ = 64 MHz and CDIV = 1:1
   954  300000                     	org	3145728
   955  300000  8C                 	db	140
   956                           
   957                           ;Config register CONFIG2 @ 0x300001
   958                           ;	Clock out Enable bit
   959                           ;	CLKOUTEN = ON, CLKOUT function is enabled
   960                           ;	PRLOCKED One-Way Set Enable bit
   961                           ;	PR1WAY = ON, PRLOCKED bit can be cleared and set only once
   962                           ;	Clock Switch Enable bit
   963                           ;	CSWEN = ON, Writing to NOSC and NDIV is allowed
   964                           ;	Fail-Safe Clock Monitor Enable bit
   965                           ;	FCMEN = ON, Fail-Safe Clock Monitor enabled
   966  300001                     	org	3145729
   967  300001  FE                 	db	254
   968                           
   969                           ;Config register CONFIG3 @ 0x300002
   970                           ;	MCLR Enable bit
   971                           ;	MCLRE = EXTMCLR, If LVP = 0, MCLR pin is MCLR; If LVP = 1, RE3 pin function is MCLR
   972                           ;	Power-up timer selection bits
   973                           ;	PWRTS = PWRT_OFF, PWRT is disabled
   974                           ;	Multi-vector enable bit
   975                           ;	MVECEN = ON, Multi-vector enabled, Vector table used for interrupts
   976                           ;	IVTLOCK bit One-way set enable bit
   977                           ;	IVT1WAY = ON, IVTLOCKED bit can be cleared and set only once
   978                           ;	Low Power BOR Enable bit
   979                           ;	LPBOREN = OFF, Low-Power BOR disabled
   980                           ;	Brown-out Reset Enable bits
   981                           ;	BOREN = SBORDIS, Brown-out Reset enabled , SBOREN bit is ignored
   982  300002                     	org	3145730
   983  300002  FF                 	db	255
   984                           
   985                           ;Config register CONFIG4 @ 0x300003
   986                           ;	Brown-out Reset Voltage Selection bits
   987                           ;	BORV = VBOR_2P85, Brown-out Reset Voltage (VBOR) set to 2.8V
   988                           ;	ZCD Disable bit
   989                           ;	ZCD = OFF, ZCD module is disabled. ZCD can be enabled by setting the ZCDSEN bit of ZCD
      +                          CON
   990                           ;	PPSLOCK bit One-Way Set Enable bit
   991                           ;	PPS1WAY = ON, PPSLOCKED bit can be cleared and set only once; PPS registers remain loc
      +                          ked after one clear/set cycle
   992                           ;	Stack Full/Underflow Reset Enable bit
   993                           ;	STVREN = ON, Stack full/underflow will cause Reset
   994                           ;	Low Voltage Programming Enable bit
   995                           ;	LVP = ON, Low voltage programming enabled. MCLR/VPP pin function is MCLR. MCLRE config
      +                          uration bit is ignored
   996                           ;	Extended Instruction Set Enable bit
   997                           ;	XINST = OFF, Extended Instruction Set and Indexed Addressing Mode disabled
   998  300003                     	org	3145731
   999  300003  FC                 	db	252
  1000                           
  1001                           ;Config register CONFIG5 @ 0x300004
  1002                           ;	WDT Period selection bits
  1003                           ;	WDTCPS = WDTCPS_31, Divider ratio 1:65536; software control of WDTPS
  1004                           ;	WDT operating mode
  1005                           ;	WDTE = OFF, WDT Disabled; SWDTEN is ignored
  1006  300004                     	org	3145732
  1007  300004  9F                 	db	159
  1008                           
  1009                           ;Config register CONFIG6 @ 0x300005
  1010                           ;	WDT Window Select bits
  1011                           ;	WDTCWS = WDTCWS_7, window always open (100%); software control; keyed access not requi
      +                          red
  1012                           ;	WDT input clock selector
  1013                           ;	WDTCCS = SC, Software Control
  1014  300005                     	org	3145733
  1015  300005  FF                 	db	255
  1016                           
  1017                           ;Config register CONFIG7 @ 0x300006
  1018                           ;	Boot Block Size selection bits
  1019                           ;	BBSIZE = BBSIZE_512, Boot Block size is 512 words
  1020                           ;	Boot Block enable bit
  1021                           ;	BBEN = OFF, Boot block disabled
  1022                           ;	Storage Area Flash enable bit
  1023                           ;	SAFEN = OFF, SAF disabled
  1024                           ;	Background Debugger
  1025                           ;	DEBUG = OFF, Background Debugger disabled
  1026  300006                     	org	3145734
  1027  300006  FF                 	db	255
  1028                           
  1029                           ;Config register CONFIG8 @ 0x300007
  1030                           ;	Boot Block Write Protection bit
  1031                           ;	WRTB = OFF, Boot Block not Write protected
  1032                           ;	Configuration Register Write Protection bit
  1033                           ;	WRTC = OFF, Configuration registers not Write protected
  1034                           ;	Data EEPROM Write Protection bit
  1035                           ;	WRTD = OFF, Data EEPROM not Write protected
  1036                           ;	SAF Write protection bit
  1037                           ;	WRTSAF = OFF, SAF not Write Protected
  1038                           ;	Application Block write protection bit
  1039                           ;	WRTAPP = OFF, Application Block not write protected
  1040  300007                     	org	3145735
  1041  300007  FF                 	db	255
  1042                           
  1043                           ; Padding undefined space
  1044  300008                     	org	3145736
  1045  300008  FF                 	db	255
  1046                           
  1047                           ;Config register CONFIG10 @ 0x300009
  1048                           ;	PFM and Data EEPROM Code Protection bit
  1049                           ;	CP = OFF, PFM and Data EEPROM code protection disabled
  1050  300009                     	org	3145737
  1051  300009  FF                 	db	255
  1052                           tosu	equ	0x4FF
  1053                           tosh	equ	0x4FE
  1054                           tosl	equ	0x4FD
  1055                           stkptr	equ	0x4FC
  1056                           pclatu	equ	0x4FB
  1057                           pclath	equ	0x4FA
  1058                           pcl	equ	0x4F9
  1059                           tblptru	equ	0x4F8
  1060                           tblptrh	equ	0x4F7
  1061                           tblptrl	equ	0x4F6
  1062                           tablat	equ	0x4F5
  1063                           prodh	equ	0x4F4
  1064                           prodl	equ	0x4F3
  1065                           indf0	equ	0x4EF
  1066                           postinc0	equ	0x4EE
  1067                           postdec0	equ	0x4ED
  1068                           preinc0	equ	0x4EC
  1069                           plusw0	equ	0x4EB
  1070                           fsr0h	equ	0x4EA
  1071                           fsr0l	equ	0x4E9
  1072                           wreg	equ	0x4E8
  1073                           indf1	equ	0x4E7
  1074                           postinc1	equ	0x4E6
  1075                           postdec1	equ	0x4E5
  1076                           preinc1	equ	0x4E4
  1077                           plusw1	equ	0x4E3
  1078                           fsr1h	equ	0x4E2
  1079                           fsr1l	equ	0x4E1
  1080                           bsr	equ	0x4E0
  1081                           indf2	equ	0x4DF
  1082                           postinc2	equ	0x4DE
  1083                           postdec2	equ	0x4DD
  1084                           preinc2	equ	0x4DC
  1085                           plusw2	equ	0x4DB
  1086                           fsr2h	equ	0x4DA
  1087                           fsr2l	equ	0x4D9
  1088                           status	equ	0x4D8

Data Sizes:
    Strings     0
    Constant    0
    Data        256
    BSS         14
    Persistent  0
    Stack       0

Auto Spaces:
    Space          Size  Autos    Used
    COMRAM           95      4      18
    BANK5           160      0       0
    BANK6           256      0     256
    BANK7           256      0       0
    BANK8           256      0       0
    BANK9           256      0       0
    BANK10          256      0       0
    BANK11          256      0       0
    BANK12          256      0       0
    BANK13          256      0       0
    BANK14          256      0       0
    BANK15          256      0       0
    BANK16          256      0       0
    BANK17          256      0       0
    BANK18          256      0       0
    BANK19          256      0       0
    BANK20          256      0       0
    BANK21          256      0       0
    BANK22          256      0       0
    BANK23          256      0       0
    BANK24          256      0       0
    BANK25          256      0       0
    BANK26          256      0       0
    BANK27          256      0       0
    BANK28          256      0       0
    BANK29          256      0       0
    BANK30          256      0       0
    BANK31          256      0       0
    BANK32          256      0       0
    BANK33          256      0       0
    BANK34          256      0       0
    BANK35          256      0       0
    BANK36          256      0       0
    BANK37          256      0       0

Pointer List with Targets:

    None.

Critical Paths under _main in COMRAM

    _main->_TimeXus

Critical Paths under _main in BANK5

    None.

Critical Paths under _main in BANK6

    None.

Critical Paths under _main in BANK7

    None.

Critical Paths under _main in BANK8

    None.

Critical Paths under _main in BANK9

    None.

Critical Paths under _main in BANK10

    None.

Critical Paths under _main in BANK11

    None.

Critical Paths under _main in BANK12

    None.

Critical Paths under _main in BANK13

    None.

Critical Paths under _main in BANK14

    None.

Critical Paths under _main in BANK15

    None.

Critical Paths under _main in BANK16

    None.

Critical Paths under _main in BANK17

    None.

Critical Paths under _main in BANK18

    None.

Critical Paths under _main in BANK19

    None.

Critical Paths under _main in BANK20

    None.

Critical Paths under _main in BANK21

    None.

Critical Paths under _main in BANK22

    None.

Critical Paths under _main in BANK23

    None.

Critical Paths under _main in BANK24

    None.

Critical Paths under _main in BANK25

    None.

Critical Paths under _main in BANK26

    None.

Critical Paths under _main in BANK27

    None.

Critical Paths under _main in BANK28

    None.

Critical Paths under _main in BANK29

    None.

Critical Paths under _main in BANK30

    None.

Critical Paths under _main in BANK31

    None.

Critical Paths under _main in BANK32

    None.

Critical Paths under _main in BANK33

    None.

Critical Paths under _main in BANK34

    None.

Critical Paths under _main in BANK35

    None.

Critical Paths under _main in BANK36

    None.

Critical Paths under _main in BANK37

    None.

Call Graph Tables:

 ---------------------------------------------------------------------------------
 (Depth) Function   	        Calls       Base Space   Used Autos Params    Refs
 ---------------------------------------------------------------------------------
 (0) _main                                                 0     0      0     143
                         _ClockSetup
                          _GpioSetup
                       _SysTickSetup
                        _SystemSleep
                            _TimeXus
                  _UserAppInitialize
                         _UserAppRun
 ---------------------------------------------------------------------------------
 (1) _UserAppRun                                           0     0      0       0
 ---------------------------------------------------------------------------------
 (1) _UserAppInitialize                                    0     0      0       0
 ---------------------------------------------------------------------------------
 (1) _TimeXus                                              4     2      2     143
                                              0 COMRAM     4     2      2
 ---------------------------------------------------------------------------------
 (1) _SystemSleep                                          0     0      0       0
 ---------------------------------------------------------------------------------
 (1) _SysTickSetup                                         0     0      0       0
 ---------------------------------------------------------------------------------
 (1) _GpioSetup                                            0     0      0       0
 ---------------------------------------------------------------------------------
 (1) _ClockSetup                                           0     0      0       0
 ---------------------------------------------------------------------------------
 Estimated maximum stack depth 1
 ---------------------------------------------------------------------------------

 Call Graph Graphs:

 _main (ROOT)
   _ClockSetup
   _GpioSetup
   _SysTickSetup
   _SystemSleep
   _TimeXus
   _UserAppInitialize
   _UserAppRun

 Address spaces:
Name               Size   Autos  Total    Cost      Usage
BIGRAM            20FF      0       0      71        0.0%
EEDATA             400      0       0       0        0.0%
BITBANK37          100      0       0      70        0.0%
BANK37             100      0       0      68        0.0%
BITBANK36          100      0       0      66        0.0%
BANK36             100      0       0      67        0.0%
BITBANK35          100      0       0      64        0.0%
BANK35             100      0       0      65        0.0%
BITBANK34          100      0       0      62        0.0%
BANK34             100      0       0      63        0.0%
BITBANK33          100      0       0      60        0.0%
BANK33             100      0       0      61        0.0%
BITBANK32          100      0       0      58        0.0%
BANK32             100      0       0      59        0.0%
BITBANK31          100      0       0      56        0.0%
BANK31             100      0       0      57        0.0%
BITBANK30          100      0       0      54        0.0%
BANK30             100      0       0      55        0.0%
BITBANK29          100      0       0      52        0.0%
BANK29             100      0       0      53        0.0%
BITBANK28          100      0       0      50        0.0%
BANK28             100      0       0      51        0.0%
BITBANK27          100      0       0      48        0.0%
BANK27             100      0       0      49        0.0%
BITBANK26          100      0       0      46        0.0%
BANK26             100      0       0      47        0.0%
BITBANK25          100      0       0      44        0.0%
BANK25             100      0       0      45        0.0%
BITBANK24          100      0       0      42        0.0%
BANK24             100      0       0      43        0.0%
BITBANK23          100      0       0      40        0.0%
BANK23             100      0       0      41        0.0%
BITBANK22          100      0       0      38        0.0%
BANK22             100      0       0      39        0.0%
BITBANK21          100      0       0      36        0.0%
BANK21             100      0       0      37        0.0%
BITBANK20          100      0       0      34        0.0%
BANK20             100      0       0      35        0.0%
BITBANK19          100      0       0      32        0.0%
BANK19             100      0       0      33        0.0%
BITBANK18          100      0       0      30        0.0%
BANK18             100      0       0      31        0.0%
BITBANK17          100      0       0      28        0.0%
BANK17             100      0       0      29        0.0%
BITBANK16          100      0       0      26        0.0%
BANK16             100      0       0      27        0.0%
BITBANK15          100      0       0      24        0.0%
BANK15             100      0       0      25        0.0%
BITBANK14          100      0       0      22        0.0%
BANK14             100      0       0      23        0.0%
BITBANK13          100      0       0      20        0.0%
BANK13             100      0       0      21        0.0%
BITBANK12          100      0       0      18        0.0%
BANK12             100      0       0      19        0.0%
BITBANK11          100      0       0      16        0.0%
BANK11             100      0       0      17        0.0%
BITBANK10          100      0       0      14        0.0%
BANK10             100      0       0      15        0.0%
BITBANK9           100      0       0      12        0.0%
BANK9              100      0       0      13        0.0%
BITBANK8           100      0       0      10        0.0%
BANK8              100      0       0      11        0.0%
BITBANK7           100      0       0       8        0.0%
BANK7              100      0       0       9        0.0%
BITBANK6           100      0       0       6        0.0%
BANK6              100      0     100       7      100.0%
BITBANK5            A0      0       0       4        0.0%
BANK5               A0      0       0       5        0.0%
BITCOMRAM           5F      0       0       0        0.0%
COMRAM              5F      4      12       1       18.9%
BITSFR_5             0      0       0     200        0.0%
SFR_5                0      0       0     200        0.0%
BITSFR_4             0      0       0     200        0.0%
SFR_4                0      0       0     200        0.0%
BITSFR_3             0      0       0     200        0.0%
SFR_3                0      0       0     200        0.0%
BITSFR_2             0      0       0     200        0.0%
SFR_2                0      0       0     200        0.0%
BITSFR_1             0      0       0     200        0.0%
SFR_1                0      0       0     200        0.0%
BITSFR               0      0       0     200        0.0%
SFR                  0      0       0     200        0.0%
STACK                0      0       0       2        0.0%
NULL                 0      0       0       0        0.0%
ABS                  0      0     112      69        0.0%
DATA                 0      0     112       3        0.0%
CODE                 0      0       0       0        0.0%


Microchip Technology PIC18 Macro Assembler V2.31 build 20201012212115 
Symbol Table                                                                                   Wed Mar 31 17:31:21 2021

     __size_of_SysTickSetup 0022                          l13 FE0E                          l22 FE10  
                        l16 FE2E                          l19 FE84                          l52 FEE4  
                        l76 FE1C                          l84 FE46                          l79 FE62  
                        u20 FEF2                          u21 FEEE                         l800 FE64  
                       l810 FE5E                         l802 FE48                         l812 FE60  
                       l804 FE4C                         l820 FEC6                         l806 FE54  
                       l830 FED8                         l822 FECA                         l814 FEBC  
                       l760 FE1E                         l808 FE5A                         l832 FEF2  
                       l824 FECE                         l816 FEBE                         l826 FED2  
                       l818 FEC2                         l764 FE12                         l828 FED4  
                       l766 FE30                         wreg 0004E8                        _LATA 0004BE  
                      _PIR3 0004B1                        _main FEBC                _SysTickSetup FE64  
                      fsr1h 0004E2                        indf2 0004DF                        fsr1l 0004E1  
                      fsr2l 0004D9                        start FFFC        __size_of_SystemSleep 0002  
              ___param_bank 000000                  _ClockSetup FE0E             __end_of_TimeXus FE64  
                     ?_main 050F                       _TMR0H 000319                       _TMR0L 000318  
                     _TRISA 0004C6                       tablat 0004F5             TimeXus@u16Timer 0511  
           __initialization FE86                __end_of_main FEFC                      ??_main 0513  
             __activetblptr 000000                      _ANSELA 000400                      _T0CON0 00031A  
                    _T0CON1 00031B          __size_of_GpioSetup 0012                   ??_TimeXus 0511  
               ?_ClockSetup 050F                      clear_0 FEB0                      tblptrh 0004F7  
                    tblptrl 0004F6                      tblptru 0004F8                  _UserAppRun FE30  
                __accesstop 0560     __end_of__initialization FEB6               ___rparam_used 000001  
          _G_u8UserAppFlags 050E              __pcstackCOMRAM 050F                __pidataBANK6 FEFC  
    TimeXus@u16Microseconds 050F           __end_of_GpioSetup FE30         __size_of_ClockSetup 0002  
                   _DAC1CON 00007F                 ?_UserAppRun 050F               ??_SystemSleep 050F  
                   __Hparam 0000                     __Lparam 0000                     _TimeXus FE48  
                   __pcinit FE86                     __ramtop 2600                     __ptext0 FEBC  
                   __ptext1 FE30                     __ptext2 FE12                     __ptext3 FE48  
                   __ptext4 FE10                     __ptext5 FE64                     __ptext6 FE1E  
                   __ptext7 FE0E        end_of_initialization FEB6      UserAppRun@u8ArrayIndex 050D  
          _G_u32SystemFlags 0501                     postdec1 0004E5                     postinc0 0004EE  
       __end_of_SystemSleep FE12                ??_ClockSetup 050F         __size_of_UserAppRun 0018  
        __end_of_ClockSetup FE10                   _GpioSetup FE1E         start_initialization FE86  
             ?_SysTickSetup 050F                 _SystemSleep FE10                 __pdataBANK6 0600  
                ?_GpioSetup 050F                 __pbssCOMRAM 0501           _UserAppInitialize FE12  
              ??_UserAppRun 050F          ?_UserAppInitialize 050F              ??_SysTickSetup 050F  
       ??_UserAppInitialize 050F                    ?_TimeXus 050F          __end_of_UserAppRun FE48  
                  _DAC1DATL 00007D   __end_of_UserAppInitialize FE1E                 ??_GpioSetup 050F  
      _UserApp_au8SineTable 0600                   copy_data0 FE9A                    __Hrparam 0000  
                  __Lrparam 0000            __size_of_TimeXus 001C        __end_of_SysTickSetup FE86  
__size_of_UserAppInitialize 000C               __size_of_main 0040                ?_SystemSleep 050F  
        _G_u32SystemTime1ms 0509           _G_u32SystemTime1s 0505  
